22:22:24.094 [main                     ] DEBUG Logger               - Configured Logger
22:22:24.125 [main                     ] DEBUG GameApplication      - Logging settings
Title: 90 Tank
Version: Version 0.1
Width: 624
Height: 624
Fullscreen: false
Intro: false
Profiling: false
Single step:false
App Mode: DEVELOPER
Menu Key: ESCAPE
Stage Style: DECORATED
Scene Factory: class com.itcodebox.tank.TankApp$1

22:22:24.677 [JavaFX Application Thread] DEBUG FXGLApplication      - Initializing FXGL
22:22:24.680 [JavaFX Application Thread] INFO  Engine               - FXGL-11.17 (16.07.2021 15.46) on WINDOWS (J:11.0.2 FX:16)
22:22:24.681 [JavaFX Application Thread] DEBUG Engine               - JRE Vendor Name: Oracle Corporation
22:22:24.681 [JavaFX Application Thread] DEBUG Engine               - Running on OS: Windows 10 version 10.0
22:22:24.681 [JavaFX Application Thread] DEBUG Engine               - Architecture: amd64
22:22:24.681 [JavaFX Application Thread] INFO  Engine               - Source code and latest versions at: https://github.com/AlmasB/FXGL
22:22:24.682 [JavaFX Application Thread] INFO  Engine               -              Join the FXGL chat at: https://gitter.im/AlmasB/FXGL
22:22:24.862 [JavaFX Application Thread] DEBUG PrimaryStageWindow   - Creating a JavaFX scene
22:22:24.955 [JavaFX Application Thread] DEBUG PrimaryStageWindow   - Target settings size: 624.0 x 624.0
22:22:24.955 [JavaFX Application Thread] DEBUG PrimaryStageWindow   - Scaled scene size:    624.0 x 624.0
22:22:24.956 [JavaFX Application Thread] DEBUG PrimaryStageWindow   - Scaled ratio: (1.0, 1.0)
22:22:24.958 [JavaFX Application Thread] DEBUG PrimaryStageWindow   - Set initial scene to FXGLStartupScene
22:22:24.972 [JavaFX Application Thread] DEBUG PrimaryStageWindow   - Opening main window
22:22:25.216 [JavaFX Application Thread] DEBUG PrimaryStageWindow   - Window border size: (14.66668701171875, 37.33331298828125)
22:22:25.217 [JavaFX Application Thread] DEBUG PrimaryStageWindow   - Scaled size: 624.0 x 624.0
22:22:25.217 [JavaFX Application Thread] DEBUG PrimaryStageWindow   - Scaled ratio: (1.0, 1.0)
22:22:25.217 [JavaFX Application Thread] DEBUG PrimaryStageWindow   - Scene size: 624.0 x 624.0
22:22:25.218 [JavaFX Application Thread] DEBUG PrimaryStageWindow   - Stage size: 638.6666870117188 x 661.3333129882812
22:22:25.233 [FXGL Background Thread 1 ] DEBUG Engine               - Initializing environment variables
22:22:25.341 [FXGL Background Thread 1 ] DEBUG FXGLAssetLoaderServi - User app class for loading assets: class com.itcodebox.tank.TankApp
22:22:25.341 [FXGL Background Thread 1 ] DEBUG GameApplicationServi - Applying CSS: fxgl_dark.css
22:22:25.344 [FXGL Background Thread 1 ] DEBUG FXGLAssetLoaderServi - Loading from file system: jar:file:/C:/Users/Administrator/.m2/repository/com/github/almasb/fxgl/11.17/fxgl-11.17.jar!/fxglassets/ui/css/fxgl_dark.css
22:22:25.422 [FXGL Background Thread 1 ] DEBUG GameApplicationServi - Initializing application scenes
22:22:25.432 [FXGL Background Thread 1 ] DEBUG FXGLAssetLoaderServi - Loading from file system: file:/D:/Projects/IdeaProjects/fxgl/FXGL_Tank/target/classes/assets/textures/loadingBg.png
22:22:25.592 [FXGL Background Thread 1 ] DEBUG FXGLAssetLoaderServi - Loading from file system: file:/D:/Projects/IdeaProjects/fxgl/FXGL_Tank/target/classes/assets/textures/tank/H1U.png
22:22:25.606 [FXGL Background Thread 1 ] DEBUG GameWorld            - Game world initialized
22:22:25.676 [FXGL Background Thread 1 ] DEBUG PhysicsWorld         - Physics world initialized: appHeight=624, physics.ppm=50.0
22:22:25.676 [FXGL Background Thread 1 ] DEBUG PhysicsWorld         - Using strategy: BRUTE_FORCE
22:22:25.679 [FXGL Background Thread 1 ] DEBUG GameScene            - Game scene initialized: 624x624
22:22:25.682 [FXGL Background Thread 1 ] DEBUG FXGLAssetLoaderServi - Loading from file system: file:/D:/Projects/IdeaProjects/fxgl/FXGL_Tank/target/classes/assets/textures/logo.png
22:22:25.700 [FXGL Background Thread 1 ] DEBUG FXGLAssetLoaderServi - Loading from file system: file:/D:/Projects/IdeaProjects/fxgl/FXGL_Tank/target/classes/assets/ui/fonts/airstrikeacad.ttf
22:22:27.215 [FXGL Background Thread 1 ] WARN  FXGL.DefaultMenu     - FXGLDefaultMenu is not designed for resolutions < 800x600
22:22:27.215 [FXGL Background Thread 1 ] DEBUG FXGL.DefaultMenu     - createMenuBodyGameMenu()
22:22:27.228 [FXGL Background Thread 1 ] DEBUG FXGL.DefaultMenu     - createOptionsMenu()
22:22:27.235 [FXGL Background Thread 1 ] DEBUG FXGLAssetLoaderServi - Loading from file system: jar:file:/C:/Users/Administrator/.m2/repository/com/github/almasb/fxgl/11.17/fxgl-11.17.jar!/fxglassets/textures/particles/smoke.png
22:22:27.316 [FXGL Background Thread 1 ] DEBUG FXGLAssetLoaderServi - Loading from file system: jar:file:/C:/Users/Administrator/.m2/repository/com/github/almasb/fxgl/11.17/fxgl-11.17.jar!/fxglassets/textures/particles/trace_horizontal.png
22:22:27.353 [FXGL Background Thread 1 ] DEBUG GameApplicationServi - Application scenes initialized
22:22:27.368 [FXGL Background Thread 1 ] DEBUG SystemBundleService  - Loading FXGL system data
22:22:27.372 [FXGL Background Thread 1 ] DEBUG FileSystemAccess     - Reading from: D:\Projects\IdeaProjects\fxgl\FXGL_Tank\system\fxgl.bundle
22:22:27.380 [FXGL Background Thread 1 ] DEBUG SystemBundleService  - Bundle FXGL: {}
22:22:27.380 [FXGL Background Thread 1 ] DEBUG UpdaterService       - Checking for updates
22:22:27.386 [FXGL Background Thread 4 ] DEBUG FXGLApplication      - Loading fonts
22:22:27.386 [FXGL Background Thread 4 ] DEBUG FXGLAssetLoaderServi - Loading from file system: jar:file:/C:/Users/Administrator/.m2/repository/com/github/almasb/fxgl/11.17/fxgl-11.17.jar!/fxglassets/ui/fonts/Abel-Regular.ttf
22:22:27.386 [FXGL Background Thread 1 ] DEBUG FXGLApplication      - Loading default localization
22:22:27.388 [FXGL Background Thread 1 ] DEBUG FXGLAssetLoaderServi - Loading from file system: jar:file:/C:/Users/Administrator/.m2/repository/com/github/almasb/fxgl/11.17/fxgl-11.17.jar!/fxglassets/languages/english.lang
22:22:27.393 [FXGL Background Thread 4 ] DEBUG FXGLAssetLoaderServi - Loading from file system: jar:file:/C:/Users/Administrator/.m2/repository/com/github/almasb/fxgl/11.17/fxgl-11.17.jar!/fxglassets/ui/fonts/lucida_console.ttf
22:22:27.404 [FXGL Background Thread 1 ] INFO  FXGLApplication      - FXGL initialization took: 2.171 sec
22:22:27.405 [FXGL Background Thread 4 ] DEBUG FXGLAssetLoaderServi - Loading from file system: jar:file:/C:/Users/Administrator/.m2/repository/com/github/almasb/fxgl/11.17/fxgl-11.17.jar!/fxglassets/ui/fonts/Courier-Prime.ttf
22:22:27.418 [JavaFX Application Thread] DEBUG Input                - Registered new binding: Move Up - Up
22:22:27.419 [JavaFX Application Thread] DEBUG Input                - Registered new binding: Move Down - Down
22:22:27.419 [JavaFX Application Thread] DEBUG Input                - Registered new binding: Move Left - Left
22:22:27.419 [JavaFX Application Thread] DEBUG Input                - Registered new binding: Move Right - Right
22:22:27.419 [JavaFX Application Thread] DEBUG Input                - Registered new binding: Shoot - Space
22:22:27.420 [JavaFX Application Thread] DEBUG FXGLAssetLoaderServi - Loading from file system: file:/D:/Projects/IdeaProjects/fxgl/FXGL_Tank/target/classes/assets/textures/icon.png
22:22:27.430 [JavaFX Application Thread] DEBUG FXGLAssetLoaderServi - Loading from file system: jar:file:/C:/Users/Administrator/.m2/repository/com/github/almasb/fxgl/11.17/fxgl-11.17.jar!/fxglassets/textures/fxgl_default_cursor.png
22:22:27.433 [JavaFX Application Thread] DEBUG Input                - Registered new binding: Screenshot - CTRL+8
22:22:27.434 [JavaFX Application Thread] DEBUG Input                - Registered new binding: System info dump - CTRL+9
22:22:27.435 [JavaFX Application Thread] DEBUG Input                - Registered new binding: Restart - CTRL+R
22:22:27.436 [JavaFX Application Thread] DEBUG Input                - Registered new binding: Toggle Debug Camera - CTRL+C
22:22:27.439 [JavaFX Application Thread] DEBUG LoopRunner           - Starting loop
22:22:27.439 [JavaFX Application Thread] DEBUG LoopRunner           - Initializing JavaFX AnimationTimerLoop
22:22:27.443 [JavaFX Application Thread] DEBUG Input                - Clearing active input actions
22:22:27.454 [JavaFX Application Thread] DEBUG GameApplicationServi - Removing overlay from FXGLStartupScene and adding to FXGLMainMenuDummyScene
22:22:27.455 [JavaFX Application Thread] DEBUG PrimaryStageWindow   - FXGLStartupScene -> FXGLMainMenuDummyScene
22:22:27.456 [JavaFX Application Thread] DEBUG PrimaryStageWindow   - Push state: GameMenu
22:22:27.456 [JavaFX Application Thread] DEBUG Input                - Clearing active input actions
22:22:27.467 [JavaFX Application Thread] DEBUG GameApplicationServi - Removing overlay from FXGLMainMenuDummyScene and adding to GameMenu
22:22:27.468 [JavaFX Application Thread] DEBUG PrimaryStageWindow   - FXGLMainMenuDummyScene -> GameMenu
22:22:27.517 [JavaFX Application Thread] DEBUG FXGLApplication      - Registering font factories with UI factory
22:22:30.366 [JavaFX Application Thread] DEBUG Menu                 - fireNewGame()
22:22:30.366 [JavaFX Application Thread] DEBUG GameApplicationServi - Starting new game
22:22:30.366 [JavaFX Application Thread] DEBUG PrimaryStageWindow   - Pop state: GameMenu
22:22:30.366 [JavaFX Application Thread] DEBUG Input                - Clearing active input actions
22:22:30.367 [JavaFX Application Thread] DEBUG GameApplicationServi - Removing overlay from GameMenu and adding to FXGLMainMenuDummyScene
22:22:30.368 [JavaFX Application Thread] DEBUG PrimaryStageWindow   - FXGLMainMenuDummyScene <- GameMenu
22:22:30.368 [JavaFX Application Thread] DEBUG Input                - Clearing active input actions
22:22:30.374 [JavaFX Application Thread] DEBUG GameApplicationServi - Removing overlay from FXGLMainMenuDummyScene and adding to GameLoadingScene
22:22:30.374 [JavaFX Application Thread] DEBUG PrimaryStageWindow   - FXGLMainMenuDummyScene -> GameLoadingScene
22:22:30.374 [JavaFX Application Thread] DEBUG GameApplicationServi - Clearing previous game
22:22:30.374 [JavaFX Application Thread] DEBUG GameScene            - Clearing game scene
22:22:30.374 [JavaFX Application Thread] DEBUG GameWorld            - Clearing game world
22:22:30.374 [JavaFX Application Thread] DEBUG PhysicsWorld         - Clearing physics world
22:22:30.375 [FXGL Background Thread 2 ] DEBUG FXGLApplication      - Initializing game
22:22:30.380 [FXGL Background Thread 2 ] DEBUG FXGLAssetLoaderServi - Loading from file system: file:/D:/Projects/IdeaProjects/fxgl/FXGL_Tank/target/classes/assets/textures/tank/bomb_rocket_1.png
22:22:30.382 [FXGL Background Thread 2 ] DEBUG FXGLAssetLoaderServi - Loading from file system: file:/D:/Projects/IdeaProjects/fxgl/FXGL_Tank/target/classes/assets/textures/tank/bomb_rocket_2.png
22:22:30.383 [FXGL Background Thread 2 ] DEBUG FXGLAssetLoaderServi - Loading from file system: file:/D:/Projects/IdeaProjects/fxgl/FXGL_Tank/target/classes/assets/textures/tank/bomb_rocket_3.png
22:22:30.385 [FXGL Background Thread 2 ] DEBUG FXGLAssetLoaderServi - Loading from file system: file:/D:/Projects/IdeaProjects/fxgl/FXGL_Tank/target/classes/assets/textures/tank/bomb_rocket_4.png
22:22:30.385 [FXGL Background Thread 3 ] DEBUG Engine               - Logging environment variables
22:22:30.386 [FXGL Background Thread 3 ] DEBUG Engine               - achievements: []
22:22:30.386 [FXGL Background Thread 3 ] DEBUG Engine               - actualHeight: 624.0
22:22:30.386 [FXGL Background Thread 3 ] DEBUG Engine               - actualHeightProperty: ReadOnlyDoubleProperty [value: 624.0]
22:22:30.386 [FXGL Background Thread 3 ] DEBUG Engine               - actualWidth: 624.0
22:22:30.386 [FXGL Background Thread 3 ] DEBUG Engine               - actualWidthProperty: ReadOnlyDoubleProperty [value: 624.0]
22:22:30.386 [FXGL Background Thread 3 ] DEBUG Engine               - appIcon: icon.png
22:22:30.386 [FXGL Background Thread 2 ] DEBUG FXGLAssetLoaderServi - Loading from file system: file:/D:/Projects/IdeaProjects/fxgl/FXGL_Tank/target/classes/assets/textures/tank/bomb_rocket_5.png
22:22:30.387 [FXGL Background Thread 3 ] DEBUG Engine               - applicationMode: DEVELOPER
22:22:30.387 [FXGL Background Thread 3 ] DEBUG Engine               - cSSList: [fxgl_dark.css]
22:22:30.387 [FXGL Background Thread 3 ] DEBUG Engine               - collisionDetectionStrategy: BRUTE_FORCE
22:22:30.387 [FXGL Background Thread 3 ] DEBUG Engine               - configClass: Optional.empty
22:22:30.387 [FXGL Background Thread 3 ] DEBUG Engine               - credits: []
22:22:30.387 [FXGL Background Thread 3 ] DEBUG Engine               - defaultCursor: CursorInfo(imageName=fxgl_default_cursor.png, hotspotX=7.0, hotspotY=6.0)
22:22:30.387 [FXGL Background Thread 3 ] DEBUG Engine               - devBBoxColorProperty: ObjectProperty [value: 0xff0000ff]
22:22:30.388 [FXGL Background Thread 3 ] DEBUG Engine               - devEnableDebugCameraProperty: BooleanProperty [value: false]
22:22:30.388 [FXGL Background Thread 2 ] DEBUG FXGLAssetLoaderServi - Loading from file system: file:/D:/Projects/IdeaProjects/fxgl/FXGL_Tank/target/classes/assets/textures/tank/bomb_rocket_6.png
22:22:30.388 [FXGL Background Thread 3 ] DEBUG Engine               - devSensorColorProperty: ObjectProperty [value: 0xffff00ff]
22:22:30.388 [FXGL Background Thread 3 ] DEBUG Engine               - devShowBBoxProperty: BooleanProperty [value: false]
22:22:30.388 [FXGL Background Thread 3 ] DEBUG Engine               - devShowPositionProperty: BooleanProperty [value: false]
22:22:30.388 [FXGL Background Thread 3 ] DEBUG Engine               - enabledMenuItems: []
22:22:30.388 [FXGL Background Thread 3 ] DEBUG Engine               - engineServices: [class com.almasb.fxgl.app.services.FXGLAssetLoaderService, class com.almasb.fxgl.app.FXGLApplication$GameApplicationService, class com.almasb.fxgl.app.services.FXGLDialogService, class com.almasb.fxgl.app.services.IOTaskExecutorService, class com.almasb.fxgl.io.FileSystemService, class com.almasb.fxgl.localization.LocalizationService, class com.almasb.fxgl.app.services.SystemBundleService, class com.almasb.fxgl.profile.SaveLoadService, class com.almasb.fxgl.ui.FXGLUIFactoryServiceProvider, class com.almasb.fxgl.ui.FXGLDialogFactoryServiceProvider, class com.almasb.fxgl.audio.AudioPlayer, class com.almasb.fxgl.notification.impl.NotificationServiceProvider, class com.almasb.fxgl.achievement.AchievementService, class com.almasb.fxgl.cutscene.CutsceneService, class com.almasb.fxgl.minigames.MiniGameService, class com.almasb.fxgl.net.NetService, class com.almasb.fxgl.app.services.UpdaterService, class com.almasb.fxgl.dev.DevService]
22:22:30.388 [FXGL Background Thread 3 ] DEBUG Engine               - fontGame: Abel-Regular.ttf
22:22:30.389 [FXGL Background Thread 3 ] DEBUG Engine               - fontMono: lucida_console.ttf
22:22:30.389 [FXGL Background Thread 3 ] DEBUG Engine               - fontText: Courier-Prime.ttf
22:22:30.389 [FXGL Background Thread 3 ] DEBUG Engine               - fontUI: airstrikeacad.ttf
22:22:30.389 [FXGL Background Thread 3 ] DEBUG Engine               - fullScreen: BooleanProperty [value: false]
22:22:30.389 [FXGL Background Thread 3 ] DEBUG Engine               - gameDifficulty: MEDIUM
22:22:30.389 [FXGL Background Thread 3 ] DEBUG Engine               - gameDifficultyProperty: ObjectProperty [value: MEDIUM]
22:22:30.389 [FXGL Background Thread 3 ] DEBUG Engine               - globalMusicVolume: 0.5
22:22:30.389 [FXGL Background Thread 2 ] DEBUG FXGLAssetLoaderServi - Loading from file system: file:/D:/Projects/IdeaProjects/fxgl/FXGL_Tank/target/classes/assets/textures/tank/bomb_rocket_7.png
22:22:30.389 [FXGL Background Thread 3 ] DEBUG Engine               - globalMusicVolumeProperty: DoubleProperty [value: 0.5]
22:22:30.390 [FXGL Background Thread 3 ] DEBUG Engine               - globalSoundVolume: 0.5
22:22:30.390 [FXGL Background Thread 3 ] DEBUG Engine               - globalSoundVolumeProperty: DoubleProperty [value: 0.5]
22:22:30.390 [FXGL Background Thread 3 ] DEBUG Engine               - height: 624
22:22:30.390 [FXGL Background Thread 3 ] DEBUG Engine               - is3D: false
22:22:30.390 [FXGL Background Thread 3 ] DEBUG Engine               - isAndroid: false
22:22:30.390 [FXGL Background Thread 3 ] DEBUG Engine               - isBrowser: false
22:22:30.390 [FXGL Background Thread 3 ] DEBUG Engine               - isClickFeedbackEnabled: false
22:22:30.391 [FXGL Background Thread 3 ] DEBUG Engine               - isCloseConfirmation: false
22:22:30.391 [FXGL Background Thread 2 ] DEBUG FXGLAssetLoaderServi - Loading from file system: file:/D:/Projects/IdeaProjects/fxgl/FXGL_Tank/target/classes/assets/textures/tank/bomb_rocket_8.png
22:22:30.391 [FXGL Background Thread 3 ] DEBUG Engine               - isDesktop: true
22:22:30.391 [FXGL Background Thread 3 ] DEBUG Engine               - isDeveloperMenuEnabled: false
22:22:30.391 [FXGL Background Thread 3 ] DEBUG Engine               - isEntityPreloadEnabled: true
22:22:30.391 [FXGL Background Thread 3 ] DEBUG Engine               - isExperimentalTiledLargeMap: false
22:22:30.391 [FXGL Background Thread 3 ] DEBUG Engine               - isFileSystemWriteAllowed: true
22:22:30.391 [FXGL Background Thread 3 ] DEBUG Engine               - isFullScreenAllowed: false
22:22:30.391 [FXGL Background Thread 3 ] DEBUG Engine               - isFullScreenFromStart: false
22:22:30.391 [FXGL Background Thread 3 ] DEBUG Engine               - isGameMenuEnabled: true
22:22:30.391 [FXGL Background Thread 3 ] DEBUG Engine               - isIOS: false
22:22:30.391 [FXGL Background Thread 3 ] DEBUG Engine               - isIntroEnabled: false
22:22:30.392 [FXGL Background Thread 3 ] DEBUG Engine               - isLinux: false
22:22:30.392 [FXGL Background Thread 3 ] DEBUG Engine               - isMac: false
22:22:30.392 [FXGL Background Thread 3 ] DEBUG Engine               - isMainMenuEnabled: true
22:22:30.392 [FXGL Background Thread 3 ] DEBUG Engine               - isManualResizeEnabled: false
22:22:30.392 [FXGL Background Thread 2 ] DEBUG FXGLAssetLoaderServi - Loading from file system: file:/D:/Projects/IdeaProjects/fxgl/FXGL_Tank/target/classes/assets/textures/tank/bomb_rocket_9.png
22:22:30.392 [FXGL Background Thread 3 ] DEBUG Engine               - isMobile: false
22:22:30.392 [FXGL Background Thread 3 ] DEBUG Engine               - isNative: false
22:22:30.392 [FXGL Background Thread 3 ] DEBUG Engine               - isPauseMusicWhenMinimized: true
22:22:30.392 [FXGL Background Thread 3 ] DEBUG Engine               - isPreserveResizeRatio: false
22:22:30.392 [FXGL Background Thread 3 ] DEBUG Engine               - isProfilingEnabled: false
22:22:30.392 [FXGL Background Thread 3 ] DEBUG Engine               - isScaleAffectedOnResize: true
22:22:30.392 [FXGL Background Thread 3 ] DEBUG Engine               - isSingleStep: false
22:22:30.392 [FXGL Background Thread 3 ] DEBUG Engine               - isUserProfileEnabled: false
22:22:30.392 [FXGL Background Thread 3 ] DEBUG Engine               - isWindows: true
22:22:30.392 [FXGL Background Thread 3 ] DEBUG Engine               - language: ObjectProperty [value: ENGLISH]
22:22:30.393 [FXGL Background Thread 3 ] DEBUG Engine               - menuKey: ESCAPE
22:22:30.393 [FXGL Background Thread 3 ] DEBUG Engine               - mouseSensitivity: 0.2
22:22:30.393 [FXGL Background Thread 3 ] DEBUG Engine               - notificationViewClass: class com.almasb.fxgl.notification.view.XboxNotificationView
22:22:30.393 [FXGL Background Thread 3 ] DEBUG Engine               - pixelsPerMeter: 50.0
22:22:30.393 [FXGL Background Thread 3 ] DEBUG Engine               - platform: WINDOWS
22:22:30.393 [FXGL Background Thread 3 ] DEBUG Engine               - prefHeightProperty: ReadOnlyDoubleProperty [value: 624.0]
22:22:30.393 [FXGL Background Thread 3 ] DEBUG Engine               - prefWidthProperty: ReadOnlyDoubleProperty [value: 624.0]
22:22:30.393 [FXGL Background Thread 3 ] DEBUG Engine               - profileDir: profiles/
22:22:30.393 [FXGL Background Thread 3 ] DEBUG Engine               - profileName: StringProperty [value: DEFAULT]
22:22:30.393 [FXGL Background Thread 3 ] DEBUG Engine               - randomSeed: -1
22:22:30.393 [FXGL Background Thread 3 ] DEBUG Engine               - runtimeInfo: RuntimeInfo(platform=WINDOWS, version=11.17, build=16.07.2021 15.46)
22:22:30.393 [FXGL Background Thread 3 ] DEBUG Engine               - saveFileExt: sav
22:22:30.394 [FXGL Background Thread 3 ] DEBUG Engine               - scaledHeightProp$fxgl: DoubleProperty [bound, value: 624.0]
22:22:30.394 [FXGL Background Thread 3 ] DEBUG Engine               - scaledWidthProp$fxgl: DoubleProperty [bound, value: 624.0]
22:22:30.394 [FXGL Background Thread 3 ] DEBUG Engine               - sceneFactory: com.itcodebox.tank.TankApp$1@59c59e37
22:22:30.394 [FXGL Background Thread 3 ] DEBUG Engine               - secondsIn24h: 60
22:22:30.394 [FXGL Background Thread 3 ] DEBUG Engine               - soundMenuBack: menu/back.wav
22:22:30.394 [FXGL Background Thread 3 ] DEBUG Engine               - soundMenuPress: menu/press.wav
22:22:30.394 [FXGL Background Thread 3 ] DEBUG Engine               - soundMenuSelect: menu/select.wav
22:22:30.394 [FXGL Background Thread 3 ] DEBUG Engine               - soundNotification: core/notification.wav
22:22:30.394 [FXGL Background Thread 3 ] DEBUG Engine               - stageStyle: DECORATED
22:22:30.395 [FXGL Background Thread 3 ] DEBUG Engine               - supportedLanguages: [ENGLISH, FRENCH, GERMAN, HUNGARIAN, RUSSIAN]
22:22:30.395 [FXGL Background Thread 3 ] DEBUG Engine               - ticksPerSecond: -1
22:22:30.395 [FXGL Background Thread 3 ] DEBUG Engine               - title: 90 Tank
22:22:30.395 [FXGL Background Thread 3 ] DEBUG Engine               - urlGithub: https://github.com/AlmasB/FXGL
22:22:30.395 [FXGL Background Thread 3 ] DEBUG Engine               - urlLeaderboard: http://fxgl-top.herokuapp.com/
22:22:30.395 [FXGL Background Thread 3 ] DEBUG Engine               - urlPOM: https://raw.githubusercontent.com/AlmasB/FXGL/release/README.md
22:22:30.395 [FXGL Background Thread 3 ] DEBUG Engine               - userAppClass: class com.itcodebox.tank.TankApp
22:22:30.395 [FXGL Background Thread 3 ] DEBUG Engine               - version: Version 0.1
22:22:30.395 [FXGL Background Thread 3 ] DEBUG Engine               - versionCheckDays: 7
22:22:30.395 [FXGL Background Thread 3 ] DEBUG Engine               - width: 624
22:22:30.395 [FXGL Background Thread 3 ] DEBUG Engine               - Logging services
22:22:30.396 [FXGL Background Thread 3 ] DEBUG Engine               - class com.almasb.fxgl.app.services.FXGLAssetLoaderService
22:22:30.396 [FXGL Background Thread 3 ] DEBUG Engine               - class com.almasb.fxgl.app.FXGLApplication$GameApplicationService
22:22:30.396 [FXGL Background Thread 3 ] DEBUG Engine               - class com.almasb.fxgl.app.services.FXGLDialogService
22:22:30.396 [FXGL Background Thread 3 ] DEBUG Engine               - class com.almasb.fxgl.app.services.IOTaskExecutorService
22:22:30.396 [FXGL Background Thread 3 ] DEBUG Engine               - class com.almasb.fxgl.io.FileSystemService
22:22:30.396 [FXGL Background Thread 3 ] DEBUG Engine               - class com.almasb.fxgl.localization.LocalizationService
22:22:30.396 [FXGL Background Thread 3 ] DEBUG Engine               - class com.almasb.fxgl.app.services.SystemBundleService
22:22:30.396 [FXGL Background Thread 3 ] DEBUG Engine               - class com.almasb.fxgl.profile.SaveLoadService
22:22:30.396 [FXGL Background Thread 3 ] DEBUG Engine               - class com.almasb.fxgl.ui.FXGLUIFactoryServiceProvider
22:22:30.396 [FXGL Background Thread 3 ] DEBUG Engine               - class com.almasb.fxgl.ui.FXGLDialogFactoryServiceProvider
22:22:30.396 [FXGL Background Thread 3 ] DEBUG Engine               - class com.almasb.fxgl.audio.AudioPlayer
22:22:30.396 [FXGL Background Thread 3 ] DEBUG Engine               - class com.almasb.fxgl.notification.impl.NotificationServiceProvider
22:22:30.396 [FXGL Background Thread 3 ] DEBUG Engine               - class com.almasb.fxgl.achievement.AchievementService
22:22:30.397 [FXGL Background Thread 3 ] DEBUG Engine               - class com.almasb.fxgl.cutscene.CutsceneService
22:22:30.397 [FXGL Background Thread 3 ] DEBUG Engine               - class com.almasb.fxgl.minigames.MiniGameService
22:22:30.397 [FXGL Background Thread 3 ] DEBUG Engine               - class com.almasb.fxgl.net.NetService
22:22:30.397 [FXGL Background Thread 3 ] DEBUG Engine               - class com.almasb.fxgl.app.services.UpdaterService
22:22:30.397 [FXGL Background Thread 3 ] DEBUG Engine               - class com.almasb.fxgl.dev.DevService
22:22:30.422 [FXGL Background Thread 2 ] WARN  TMXLevelLoader       - TiledMap generated from 1.7.2. Supported version: 1.2.3. Some features may not be parsed fully.
22:22:30.442 [FXGL Background Thread 2 ] DEBUG TMXLevelLoader       - Parsed TiledMap: file:/D:/Projects/IdeaProjects/fxgl/FXGL_Tank/target/classes/assets/levels/level2.tmx
22:22:30.443 [FXGL Background Thread 2 ] DEBUG TMXLevelLoader       - Creating tile layer entities
22:22:30.443 [FXGL Background Thread 2 ] DEBUG TMXLevelLoader       - Creating object layer entities
22:22:30.447 [FXGL Background Thread 2 ] DEBUG FXGLAssetLoaderServi - Loading from file system: file:/D:/Projects/IdeaProjects/fxgl/FXGL_Tank/target/classes/assets/textures/map/flag.png
22:22:30.461 [FXGL Background Thread 2 ] DEBUG FXGLAssetLoaderServi - Loading from file system: file:/D:/Projects/IdeaProjects/fxgl/FXGL_Tank/target/classes/assets/textures/map/brick.png
22:22:30.511 [FXGL Background Thread 2 ] DEBUG FXGLAssetLoaderServi - Loading from file system: file:/D:/Projects/IdeaProjects/fxgl/FXGL_Tank/target/classes/assets/textures/map/sea.png
22:22:30.514 [FXGL Background Thread 2 ] DEBUG FXGLAssetLoaderServi - Loading from file system: file:/D:/Projects/IdeaProjects/fxgl/FXGL_Tank/target/classes/assets/textures/map/stone.png
22:22:30.532 [FXGL Background Thread 2 ] DEBUG FXGLAssetLoaderServi - Loading from file system: file:/D:/Projects/IdeaProjects/fxgl/FXGL_Tank/target/classes/assets/textures/map/snow.png
22:22:30.535 [FXGL Background Thread 2 ] DEBUG FXGLAssetLoaderServi - Loading from file system: file:/D:/Projects/IdeaProjects/fxgl/FXGL_Tank/target/classes/assets/textures/map/greens.png
22:22:30.539 [FXGL Background Thread 2 ] DEBUG GameWorld            - Clearing removable entities
22:22:30.539 [FXGL Background Thread 2 ] DEBUG GameWorld            - Setting level: com.almasb.fxgl.entity.level.Level@39dff4fe
22:22:30.548 [FXGL Background Thread 2 ] DEBUG FXGLAssetLoaderServi - Loading from file system: file:/D:/Projects/IdeaProjects/fxgl/FXGL_Tank/target/classes/assets/textures/tank/E3U.png
22:22:30.556 [FXGL Background Thread 2 ] DEBUG FXGLAssetLoaderServi - Loading from file system: file:/D:/Projects/IdeaProjects/fxgl/FXGL_Tank/target/classes/assets/textures/tank/E2U.png
22:22:30.558 [FXGL Background Thread 2 ] DEBUG FXGLAssetLoaderServi - Loading from file system: file:/D:/Projects/IdeaProjects/fxgl/FXGL_Tank/target/classes/assets/textures/tank/E7U.png
22:22:30.561 [FXGL Background Thread 2 ] DEBUG FXGLAssetLoaderServi - Loading from file system: file:/D:/Projects/IdeaProjects/fxgl/FXGL_Tank/target/classes/assets/textures/tank/E5U.png
22:22:30.564 [FXGL Background Thread 2 ] DEBUG FXGLAssetLoaderServi - Loading from file system: file:/D:/Projects/IdeaProjects/fxgl/FXGL_Tank/target/classes/assets/textures/tank/E10U.png
22:22:30.565 [FXGL Background Thread 2 ] DEBUG FXGLAssetLoaderServi - Loading from file system: file:/D:/Projects/IdeaProjects/fxgl/FXGL_Tank/target/classes/assets/textures/tank/E11U.png
22:22:30.566 [FXGL Background Thread 2 ] DEBUG FXGLAssetLoaderServi - Loading from file system: file:/D:/Projects/IdeaProjects/fxgl/FXGL_Tank/target/classes/assets/textures/tank/E8U.png
22:22:30.576 [FXGL Background Thread 2 ] INFO  FXGLApplication      - Game initialization took: 0.202 sec
22:22:30.590 [JavaFX Application Thread] DEBUG Input                - Clearing active input actions
22:22:30.605 [JavaFX Application Thread] DEBUG GameApplicationServi - Removing overlay from GameLoadingScene and adding to GameScene
22:22:30.605 [JavaFX Application Thread] DEBUG PrimaryStageWindow   - GameLoadingScene -> GameScene
22:22:31.263 [JavaFX Application Thread] DEBUG FXGLAssetLoaderServi - Loading from file system: file:/D:/Projects/IdeaProjects/fxgl/FXGL_Tank/target/classes/assets/sounds/normalFire.wav
22:22:31.347 [JavaFX Application Thread] DEBUG FXGLAssetLoaderServi - Loading from file system: file:/D:/Projects/IdeaProjects/fxgl/FXGL_Tank/target/classes/assets/textures/bullet/normal.png
22:22:31.501 [JavaFX Application Thread] DEBUG FXGLAssetLoaderServi - Loading from file system: file:/D:/Projects/IdeaProjects/fxgl/FXGL_Tank/target/classes/assets/sounds/rocketFire.wav
22:22:31.506 [JavaFX Application Thread] DEBUG FXGLAssetLoaderServi - Loading from file system: file:/D:/Projects/IdeaProjects/fxgl/FXGL_Tank/target/classes/assets/textures/bullet/rocketR.png
22:22:31.665 [JavaFX Application Thread] DEBUG FXGLAssetLoaderServi - Loading from file system: file:/D:/Projects/IdeaProjects/fxgl/FXGL_Tank/target/classes/assets/sounds/normalBomb.wav
22:22:39.385 [JavaFX Application Thread] DEBUG FXGLApplication      - Exiting FXGL
22:22:39.385 [JavaFX Application Thread] DEBUG LoopRunner           - Stopping loop
22:22:39.385 [JavaFX Application Thread] DEBUG SystemBundleService  - Saving FXGL system data
22:22:39.387 [JavaFX Application Thread] DEBUG FileSystemAccess     - Writing to: D:\Projects\IdeaProjects\fxgl\FXGL_Tank\system\fxgl.bundle
22:22:39.390 [JavaFX Application Thread] DEBUG Async                - Shutting down background threads
22:22:39.390 [JavaFX Application Thread] DEBUG PrimaryStageWindow   - Closing main window
22:22:39.410 [JavaFX Application Thread] DEBUG Logger               - Closing Logger
