12:26:49.317 [main                     ] DEBUG Logger               - Configured Logger
12:26:49.356 [main                     ] DEBUG GameApplication      - Logging settings
Title: 90 Tank
Version: Version 0.1
Width: 624
Height: 624
Fullscreen: false
Intro: false
Profiling: false
Single step:false
App Mode: DEVELOPER
Menu Key: ESCAPE
Stage Style: DECORATED
Scene Factory: class com.itcodebox.tank.TankApp$1

12:26:49.900 [JavaFX Application Thread] DEBUG FXGLApplication      - Initializing FXGL
12:26:49.902 [JavaFX Application Thread] INFO  Engine               - FXGL-11.17 (16.07.2021 15.46) on WINDOWS (J:11.0.2 FX:16)
12:26:49.903 [JavaFX Application Thread] DEBUG Engine               - JRE Vendor Name: Oracle Corporation
12:26:49.903 [JavaFX Application Thread] DEBUG Engine               - Running on OS: Windows 10 version 10.0
12:26:49.903 [JavaFX Application Thread] DEBUG Engine               - Architecture: amd64
12:26:49.903 [JavaFX Application Thread] INFO  Engine               - Source code and latest versions at: https://github.com/AlmasB/FXGL
12:26:49.903 [JavaFX Application Thread] INFO  Engine               -              Join the FXGL chat at: https://gitter.im/AlmasB/FXGL
12:26:50.053 [JavaFX Application Thread] DEBUG PrimaryStageWindow   - Creating a JavaFX scene
12:26:50.123 [JavaFX Application Thread] DEBUG PrimaryStageWindow   - Target settings size: 624.0 x 624.0
12:26:50.124 [JavaFX Application Thread] DEBUG PrimaryStageWindow   - Scaled scene size:    624.0 x 624.0
12:26:50.124 [JavaFX Application Thread] DEBUG PrimaryStageWindow   - Scaled ratio: (1.0, 1.0)
12:26:50.125 [JavaFX Application Thread] DEBUG PrimaryStageWindow   - Set initial scene to FXGLStartupScene
12:26:50.134 [JavaFX Application Thread] DEBUG PrimaryStageWindow   - Opening main window
12:26:50.339 [JavaFX Application Thread] DEBUG PrimaryStageWindow   - Window border size: (14.66668701171875, 37.33331298828125)
12:26:50.339 [JavaFX Application Thread] DEBUG PrimaryStageWindow   - Scaled size: 624.0 x 624.0
12:26:50.340 [JavaFX Application Thread] DEBUG PrimaryStageWindow   - Scaled ratio: (1.0, 1.0)
12:26:50.340 [JavaFX Application Thread] DEBUG PrimaryStageWindow   - Scene size: 624.0 x 624.0
12:26:50.340 [JavaFX Application Thread] DEBUG PrimaryStageWindow   - Stage size: 638.6666870117188 x 661.3333129882812
12:26:50.350 [FXGL Background Thread 1 ] DEBUG Engine               - Initializing environment variables
12:26:50.440 [FXGL Background Thread 1 ] DEBUG FXGLAssetLoaderServi - User app class for loading assets: class com.itcodebox.tank.TankApp
12:26:50.440 [FXGL Background Thread 1 ] DEBUG GameApplicationServi - Applying CSS: fxgl_dark.css
12:26:50.442 [FXGL Background Thread 1 ] DEBUG FXGLAssetLoaderServi - Loading from file system: jar:file:/C:/Users/Administrator/.m2/repository/com/github/almasb/fxgl/11.17/fxgl-11.17.jar!/fxglassets/ui/css/fxgl_dark.css
12:26:50.509 [FXGL Background Thread 1 ] DEBUG GameApplicationServi - Initializing application scenes
12:26:50.521 [FXGL Background Thread 1 ] DEBUG FXGLAssetLoaderServi - Loading from file system: file:/D:/Projects/IdeaProjects/fxgl/FXGL_Tank/target/classes/assets/textures/loadingBg.png
12:26:50.698 [FXGL Background Thread 1 ] DEBUG FXGLAssetLoaderServi - Loading from file system: file:/D:/Projects/IdeaProjects/fxgl/FXGL_Tank/target/classes/assets/textures/tank/H1U.png
12:26:50.713 [FXGL Background Thread 1 ] DEBUG GameWorld            - Game world initialized
12:26:50.783 [FXGL Background Thread 1 ] DEBUG PhysicsWorld         - Physics world initialized: appHeight=624, physics.ppm=50.0
12:26:50.783 [FXGL Background Thread 1 ] DEBUG PhysicsWorld         - Using strategy: BRUTE_FORCE
12:26:50.786 [FXGL Background Thread 1 ] DEBUG GameScene            - Game scene initialized: 624x624
12:26:50.790 [FXGL Background Thread 1 ] DEBUG FXGLAssetLoaderServi - Loading from file system: file:/D:/Projects/IdeaProjects/fxgl/FXGL_Tank/target/classes/assets/textures/logo.png
12:26:50.809 [FXGL Background Thread 1 ] DEBUG FXGLAssetLoaderServi - Loading from file system: file:/D:/Projects/IdeaProjects/fxgl/FXGL_Tank/target/classes/assets/ui/fonts/airstrikeacad.ttf
12:26:52.328 [FXGL Background Thread 1 ] WARN  FXGL.DefaultMenu     - FXGLDefaultMenu is not designed for resolutions < 800x600
12:26:52.328 [FXGL Background Thread 1 ] DEBUG FXGL.DefaultMenu     - createMenuBodyGameMenu()
12:26:52.341 [FXGL Background Thread 1 ] DEBUG FXGL.DefaultMenu     - createOptionsMenu()
12:26:52.348 [FXGL Background Thread 1 ] DEBUG FXGLAssetLoaderServi - Loading from file system: jar:file:/C:/Users/Administrator/.m2/repository/com/github/almasb/fxgl/11.17/fxgl-11.17.jar!/fxglassets/textures/particles/smoke.png
12:26:52.445 [FXGL Background Thread 1 ] DEBUG FXGLAssetLoaderServi - Loading from file system: jar:file:/C:/Users/Administrator/.m2/repository/com/github/almasb/fxgl/11.17/fxgl-11.17.jar!/fxglassets/textures/particles/trace_horizontal.png
12:26:52.506 [FXGL Background Thread 1 ] DEBUG GameApplicationServi - Application scenes initialized
12:26:52.516 [FXGL Background Thread 1 ] DEBUG SystemBundleService  - Loading FXGL system data
12:26:52.520 [FXGL Background Thread 1 ] DEBUG FileSystemAccess     - Reading from: D:\Projects\IdeaProjects\fxgl\FXGL_Tank\system\fxgl.bundle
12:26:52.525 [FXGL Background Thread 1 ] DEBUG SystemBundleService  - Bundle FXGL: {}
12:26:52.525 [FXGL Background Thread 1 ] DEBUG UpdaterService       - Checking for updates
12:26:52.530 [FXGL Background Thread 4 ] DEBUG FXGLApplication      - Loading fonts
12:26:52.530 [FXGL Background Thread 1 ] DEBUG FXGLApplication      - Loading default localization
12:26:52.531 [FXGL Background Thread 4 ] DEBUG FXGLAssetLoaderServi - Loading from file system: jar:file:/C:/Users/Administrator/.m2/repository/com/github/almasb/fxgl/11.17/fxgl-11.17.jar!/fxglassets/ui/fonts/Abel-Regular.ttf
12:26:52.531 [FXGL Background Thread 1 ] DEBUG FXGLAssetLoaderServi - Loading from file system: jar:file:/C:/Users/Administrator/.m2/repository/com/github/almasb/fxgl/11.17/fxgl-11.17.jar!/fxglassets/languages/english.lang
12:26:52.537 [FXGL Background Thread 4 ] DEBUG FXGLAssetLoaderServi - Loading from file system: jar:file:/C:/Users/Administrator/.m2/repository/com/github/almasb/fxgl/11.17/fxgl-11.17.jar!/fxglassets/ui/fonts/lucida_console.ttf
12:26:52.546 [FXGL Background Thread 1 ] INFO  FXGLApplication      - FXGL initialization took: 2.197 sec
12:26:52.546 [FXGL Background Thread 4 ] DEBUG FXGLAssetLoaderServi - Loading from file system: jar:file:/C:/Users/Administrator/.m2/repository/com/github/almasb/fxgl/11.17/fxgl-11.17.jar!/fxglassets/ui/fonts/Courier-Prime.ttf
12:26:52.562 [JavaFX Application Thread] DEBUG Input                - Registered new binding: Move Up - Up
12:26:52.562 [JavaFX Application Thread] DEBUG Input                - Registered new binding: Move Down - Down
12:26:52.563 [JavaFX Application Thread] DEBUG Input                - Registered new binding: Move Left - Left
12:26:52.563 [JavaFX Application Thread] DEBUG Input                - Registered new binding: Move Right - Right
12:26:52.563 [JavaFX Application Thread] DEBUG Input                - Registered new binding: Shoot - Space
12:26:52.563 [JavaFX Application Thread] DEBUG FXGLAssetLoaderServi - Loading from file system: file:/D:/Projects/IdeaProjects/fxgl/FXGL_Tank/target/classes/assets/textures/icon.png
12:26:52.570 [JavaFX Application Thread] DEBUG FXGLAssetLoaderServi - Loading from file system: jar:file:/C:/Users/Administrator/.m2/repository/com/github/almasb/fxgl/11.17/fxgl-11.17.jar!/fxglassets/textures/fxgl_default_cursor.png
12:26:52.572 [JavaFX Application Thread] DEBUG Input                - Registered new binding: Screenshot - CTRL+8
12:26:52.572 [JavaFX Application Thread] DEBUG Input                - Registered new binding: System info dump - CTRL+9
12:26:52.573 [JavaFX Application Thread] DEBUG Input                - Registered new binding: Restart - CTRL+R
12:26:52.573 [JavaFX Application Thread] DEBUG Input                - Registered new binding: Toggle Debug Camera - CTRL+C
12:26:52.576 [JavaFX Application Thread] DEBUG LoopRunner           - Starting loop
12:26:52.576 [JavaFX Application Thread] DEBUG LoopRunner           - Initializing JavaFX AnimationTimerLoop
12:26:52.579 [JavaFX Application Thread] DEBUG Input                - Clearing active input actions
12:26:52.587 [JavaFX Application Thread] DEBUG GameApplicationServi - Removing overlay from FXGLStartupScene and adding to FXGLMainMenuDummyScene
12:26:52.587 [JavaFX Application Thread] DEBUG PrimaryStageWindow   - FXGLStartupScene -> FXGLMainMenuDummyScene
12:26:52.588 [JavaFX Application Thread] DEBUG PrimaryStageWindow   - Push state: GameMenu
12:26:52.588 [JavaFX Application Thread] DEBUG Input                - Clearing active input actions
12:26:52.600 [JavaFX Application Thread] DEBUG GameApplicationServi - Removing overlay from FXGLMainMenuDummyScene and adding to GameMenu
12:26:52.601 [JavaFX Application Thread] DEBUG PrimaryStageWindow   - FXGLMainMenuDummyScene -> GameMenu
12:26:52.602 [JavaFX Application Thread] DEBUG FXGLApplication      - Registering font factories with UI factory
12:26:55.328 [JavaFX Application Thread] DEBUG Menu                 - fireNewGame()
12:26:55.328 [JavaFX Application Thread] DEBUG GameApplicationServi - Starting new game
12:26:55.328 [JavaFX Application Thread] DEBUG PrimaryStageWindow   - Pop state: GameMenu
12:26:55.329 [JavaFX Application Thread] DEBUG Input                - Clearing active input actions
12:26:55.329 [JavaFX Application Thread] DEBUG GameApplicationServi - Removing overlay from GameMenu and adding to FXGLMainMenuDummyScene
12:26:55.329 [JavaFX Application Thread] DEBUG PrimaryStageWindow   - FXGLMainMenuDummyScene <- GameMenu
12:26:55.330 [JavaFX Application Thread] DEBUG Input                - Clearing active input actions
12:26:55.338 [JavaFX Application Thread] DEBUG GameApplicationServi - Removing overlay from FXGLMainMenuDummyScene and adding to GameLoadingScene
12:26:55.338 [JavaFX Application Thread] DEBUG PrimaryStageWindow   - FXGLMainMenuDummyScene -> GameLoadingScene
12:26:55.338 [JavaFX Application Thread] DEBUG GameApplicationServi - Clearing previous game
12:26:55.338 [JavaFX Application Thread] DEBUG GameScene            - Clearing game scene
12:26:55.338 [JavaFX Application Thread] DEBUG GameWorld            - Clearing game world
12:26:55.338 [JavaFX Application Thread] DEBUG PhysicsWorld         - Clearing physics world
12:26:55.339 [FXGL Background Thread 2 ] DEBUG FXGLApplication      - Initializing game
12:26:55.347 [FXGL Background Thread 2 ] DEBUG FXGLAssetLoaderServi - Loading from file system: file:/D:/Projects/IdeaProjects/fxgl/FXGL_Tank/target/classes/assets/textures/tank/bomb_rocket_1.png
12:26:55.349 [FXGL Background Thread 2 ] DEBUG FXGLAssetLoaderServi - Loading from file system: file:/D:/Projects/IdeaProjects/fxgl/FXGL_Tank/target/classes/assets/textures/tank/bomb_rocket_2.png
12:26:55.351 [FXGL Background Thread 2 ] DEBUG FXGLAssetLoaderServi - Loading from file system: file:/D:/Projects/IdeaProjects/fxgl/FXGL_Tank/target/classes/assets/textures/tank/bomb_rocket_3.png
12:26:55.352 [FXGL Background Thread 2 ] DEBUG FXGLAssetLoaderServi - Loading from file system: file:/D:/Projects/IdeaProjects/fxgl/FXGL_Tank/target/classes/assets/textures/tank/bomb_rocket_4.png
12:26:55.354 [FXGL Background Thread 2 ] DEBUG FXGLAssetLoaderServi - Loading from file system: file:/D:/Projects/IdeaProjects/fxgl/FXGL_Tank/target/classes/assets/textures/tank/bomb_rocket_5.png
12:26:55.356 [FXGL Background Thread 2 ] DEBUG FXGLAssetLoaderServi - Loading from file system: file:/D:/Projects/IdeaProjects/fxgl/FXGL_Tank/target/classes/assets/textures/tank/bomb_rocket_6.png
12:26:55.357 [FXGL Background Thread 2 ] DEBUG FXGLAssetLoaderServi - Loading from file system: file:/D:/Projects/IdeaProjects/fxgl/FXGL_Tank/target/classes/assets/textures/tank/bomb_rocket_7.png
12:26:55.358 [FXGL Background Thread 2 ] DEBUG FXGLAssetLoaderServi - Loading from file system: file:/D:/Projects/IdeaProjects/fxgl/FXGL_Tank/target/classes/assets/textures/tank/bomb_rocket_8.png
12:26:55.360 [FXGL Background Thread 2 ] DEBUG FXGLAssetLoaderServi - Loading from file system: file:/D:/Projects/IdeaProjects/fxgl/FXGL_Tank/target/classes/assets/textures/tank/bomb_rocket_9.png
12:26:55.398 [FXGL Background Thread 2 ] WARN  TMXLevelLoader       - TiledMap generated from 1.7.2. Supported version: 1.2.3. Some features may not be parsed fully.
12:26:55.417 [FXGL Background Thread 2 ] DEBUG TMXLevelLoader       - Parsed TiledMap: file:/D:/Projects/IdeaProjects/fxgl/FXGL_Tank/target/classes/assets/levels/level2.tmx
12:26:55.419 [FXGL Background Thread 2 ] DEBUG TMXLevelLoader       - Creating tile layer entities
12:26:55.419 [FXGL Background Thread 2 ] DEBUG TMXLevelLoader       - Creating object layer entities
12:26:55.422 [FXGL Background Thread 2 ] DEBUG FXGLAssetLoaderServi - Loading from file system: file:/D:/Projects/IdeaProjects/fxgl/FXGL_Tank/target/classes/assets/textures/map/flag.png
12:26:55.436 [FXGL Background Thread 2 ] DEBUG FXGLAssetLoaderServi - Loading from file system: file:/D:/Projects/IdeaProjects/fxgl/FXGL_Tank/target/classes/assets/textures/map/brick.png
12:26:55.484 [FXGL Background Thread 2 ] DEBUG FXGLAssetLoaderServi - Loading from file system: file:/D:/Projects/IdeaProjects/fxgl/FXGL_Tank/target/classes/assets/textures/map/sea.png
12:26:55.488 [FXGL Background Thread 2 ] DEBUG FXGLAssetLoaderServi - Loading from file system: file:/D:/Projects/IdeaProjects/fxgl/FXGL_Tank/target/classes/assets/textures/map/stone.png
12:26:55.506 [FXGL Background Thread 2 ] DEBUG FXGLAssetLoaderServi - Loading from file system: file:/D:/Projects/IdeaProjects/fxgl/FXGL_Tank/target/classes/assets/textures/map/snow.png
12:26:55.510 [FXGL Background Thread 2 ] DEBUG FXGLAssetLoaderServi - Loading from file system: file:/D:/Projects/IdeaProjects/fxgl/FXGL_Tank/target/classes/assets/textures/map/greens.png
12:26:55.513 [FXGL Background Thread 2 ] DEBUG GameWorld            - Clearing removable entities
12:26:55.514 [FXGL Background Thread 2 ] DEBUG GameWorld            - Setting level: com.almasb.fxgl.entity.level.Level@4cc319b4
12:26:55.522 [FXGL Background Thread 2 ] DEBUG FXGLAssetLoaderServi - Loading from file system: file:/D:/Projects/IdeaProjects/fxgl/FXGL_Tank/target/classes/assets/textures/tank/E3U.png
12:26:55.528 [FXGL Background Thread 3 ] DEBUG Engine               - Logging environment variables
12:26:55.528 [FXGL Background Thread 3 ] DEBUG Engine               - achievements: []
12:26:55.529 [FXGL Background Thread 3 ] DEBUG Engine               - actualHeight: 624.0
12:26:55.529 [FXGL Background Thread 3 ] DEBUG Engine               - actualHeightProperty: ReadOnlyDoubleProperty [value: 624.0]
12:26:55.529 [FXGL Background Thread 3 ] DEBUG Engine               - actualWidth: 624.0
12:26:55.529 [FXGL Background Thread 3 ] DEBUG Engine               - actualWidthProperty: ReadOnlyDoubleProperty [value: 624.0]
12:26:55.529 [FXGL Background Thread 3 ] DEBUG Engine               - appIcon: icon.png
12:26:55.529 [FXGL Background Thread 3 ] DEBUG Engine               - applicationMode: DEVELOPER
12:26:55.530 [FXGL Background Thread 3 ] DEBUG Engine               - cSSList: [fxgl_dark.css]
12:26:55.530 [FXGL Background Thread 3 ] DEBUG Engine               - collisionDetectionStrategy: BRUTE_FORCE
12:26:55.530 [FXGL Background Thread 3 ] DEBUG Engine               - configClass: Optional.empty
12:26:55.530 [FXGL Background Thread 3 ] DEBUG Engine               - credits: []
12:26:55.530 [FXGL Background Thread 3 ] DEBUG Engine               - defaultCursor: CursorInfo(imageName=fxgl_default_cursor.png, hotspotX=7.0, hotspotY=6.0)
12:26:55.530 [FXGL Background Thread 3 ] DEBUG Engine               - devBBoxColorProperty: ObjectProperty [value: 0xff0000ff]
12:26:55.531 [FXGL Background Thread 3 ] DEBUG Engine               - devEnableDebugCameraProperty: BooleanProperty [value: false]
12:26:55.531 [FXGL Background Thread 3 ] DEBUG Engine               - devSensorColorProperty: ObjectProperty [value: 0xffff00ff]
12:26:55.531 [FXGL Background Thread 3 ] DEBUG Engine               - devShowBBoxProperty: BooleanProperty [value: false]
12:26:55.531 [FXGL Background Thread 3 ] DEBUG Engine               - devShowPositionProperty: BooleanProperty [value: false]
12:26:55.531 [FXGL Background Thread 3 ] DEBUG Engine               - enabledMenuItems: []
12:26:55.531 [FXGL Background Thread 3 ] DEBUG Engine               - engineServices: [class com.almasb.fxgl.app.services.FXGLAssetLoaderService, class com.almasb.fxgl.app.FXGLApplication$GameApplicationService, class com.almasb.fxgl.app.services.FXGLDialogService, class com.almasb.fxgl.app.services.IOTaskExecutorService, class com.almasb.fxgl.io.FileSystemService, class com.almasb.fxgl.localization.LocalizationService, class com.almasb.fxgl.app.services.SystemBundleService, class com.almasb.fxgl.profile.SaveLoadService, class com.almasb.fxgl.ui.FXGLUIFactoryServiceProvider, class com.almasb.fxgl.ui.FXGLDialogFactoryServiceProvider, class com.almasb.fxgl.audio.AudioPlayer, class com.almasb.fxgl.notification.impl.NotificationServiceProvider, class com.almasb.fxgl.achievement.AchievementService, class com.almasb.fxgl.cutscene.CutsceneService, class com.almasb.fxgl.minigames.MiniGameService, class com.almasb.fxgl.net.NetService, class com.almasb.fxgl.app.services.UpdaterService, class com.almasb.fxgl.dev.DevService]
12:26:55.532 [FXGL Background Thread 3 ] DEBUG Engine               - fontGame: Abel-Regular.ttf
12:26:55.532 [FXGL Background Thread 3 ] DEBUG Engine               - fontMono: lucida_console.ttf
12:26:55.532 [FXGL Background Thread 3 ] DEBUG Engine               - fontText: Courier-Prime.ttf
12:26:55.532 [FXGL Background Thread 3 ] DEBUG Engine               - fontUI: airstrikeacad.ttf
12:26:55.532 [FXGL Background Thread 3 ] DEBUG Engine               - fullScreen: BooleanProperty [value: false]
12:26:55.532 [FXGL Background Thread 3 ] DEBUG Engine               - gameDifficulty: MEDIUM
12:26:55.532 [FXGL Background Thread 3 ] DEBUG Engine               - gameDifficultyProperty: ObjectProperty [value: MEDIUM]
12:26:55.532 [FXGL Background Thread 3 ] DEBUG Engine               - globalMusicVolume: 0.5
12:26:55.532 [FXGL Background Thread 3 ] DEBUG Engine               - globalMusicVolumeProperty: DoubleProperty [value: 0.5]
12:26:55.533 [FXGL Background Thread 3 ] DEBUG Engine               - globalSoundVolume: 0.5
12:26:55.533 [FXGL Background Thread 3 ] DEBUG Engine               - globalSoundVolumeProperty: DoubleProperty [value: 0.5]
12:26:55.533 [FXGL Background Thread 3 ] DEBUG Engine               - height: 624
12:26:55.533 [FXGL Background Thread 3 ] DEBUG Engine               - is3D: false
12:26:55.533 [FXGL Background Thread 3 ] DEBUG Engine               - isAndroid: false
12:26:55.533 [FXGL Background Thread 3 ] DEBUG Engine               - isBrowser: false
12:26:55.533 [FXGL Background Thread 3 ] DEBUG Engine               - isClickFeedbackEnabled: false
12:26:55.533 [FXGL Background Thread 3 ] DEBUG Engine               - isCloseConfirmation: false
12:26:55.533 [FXGL Background Thread 3 ] DEBUG Engine               - isDesktop: true
12:26:55.533 [FXGL Background Thread 2 ] DEBUG FXGLAssetLoaderServi - Loading from file system: file:/D:/Projects/IdeaProjects/fxgl/FXGL_Tank/target/classes/assets/textures/tank/E1U.png
12:26:55.533 [FXGL Background Thread 3 ] DEBUG Engine               - isDeveloperMenuEnabled: false
12:26:55.534 [FXGL Background Thread 3 ] DEBUG Engine               - isEntityPreloadEnabled: true
12:26:55.534 [FXGL Background Thread 3 ] DEBUG Engine               - isExperimentalTiledLargeMap: false
12:26:55.534 [FXGL Background Thread 3 ] DEBUG Engine               - isFileSystemWriteAllowed: true
12:26:55.534 [FXGL Background Thread 3 ] DEBUG Engine               - isFullScreenAllowed: false
12:26:55.534 [FXGL Background Thread 3 ] DEBUG Engine               - isFullScreenFromStart: false
12:26:55.534 [FXGL Background Thread 3 ] DEBUG Engine               - isGameMenuEnabled: true
12:26:55.534 [FXGL Background Thread 3 ] DEBUG Engine               - isIOS: false
12:26:55.534 [FXGL Background Thread 3 ] DEBUG Engine               - isIntroEnabled: false
12:26:55.534 [FXGL Background Thread 3 ] DEBUG Engine               - isLinux: false
12:26:55.534 [FXGL Background Thread 3 ] DEBUG Engine               - isMac: false
12:26:55.534 [FXGL Background Thread 3 ] DEBUG Engine               - isMainMenuEnabled: true
12:26:55.535 [FXGL Background Thread 3 ] DEBUG Engine               - isManualResizeEnabled: false
12:26:55.535 [FXGL Background Thread 3 ] DEBUG Engine               - isMobile: false
12:26:55.535 [FXGL Background Thread 3 ] DEBUG Engine               - isNative: false
12:26:55.535 [FXGL Background Thread 3 ] DEBUG Engine               - isPauseMusicWhenMinimized: true
12:26:55.535 [FXGL Background Thread 2 ] DEBUG FXGLAssetLoaderServi - Loading from file system: file:/D:/Projects/IdeaProjects/fxgl/FXGL_Tank/target/classes/assets/textures/tank/E7U.png
12:26:55.535 [FXGL Background Thread 3 ] DEBUG Engine               - isPreserveResizeRatio: false
12:26:55.535 [FXGL Background Thread 3 ] DEBUG Engine               - isProfilingEnabled: false
12:26:55.535 [FXGL Background Thread 3 ] DEBUG Engine               - isScaleAffectedOnResize: true
12:26:55.535 [FXGL Background Thread 3 ] DEBUG Engine               - isSingleStep: false
12:26:55.535 [FXGL Background Thread 3 ] DEBUG Engine               - isUserProfileEnabled: false
12:26:55.535 [FXGL Background Thread 3 ] DEBUG Engine               - isWindows: true
12:26:55.535 [FXGL Background Thread 3 ] DEBUG Engine               - language: ObjectProperty [value: ENGLISH]
12:26:55.535 [FXGL Background Thread 3 ] DEBUG Engine               - menuKey: ESCAPE
12:26:55.536 [FXGL Background Thread 3 ] DEBUG Engine               - mouseSensitivity: 0.2
12:26:55.536 [FXGL Background Thread 3 ] DEBUG Engine               - notificationViewClass: class com.almasb.fxgl.notification.view.XboxNotificationView
12:26:55.536 [FXGL Background Thread 3 ] DEBUG Engine               - pixelsPerMeter: 50.0
12:26:55.536 [FXGL Background Thread 3 ] DEBUG Engine               - platform: WINDOWS
12:26:55.536 [FXGL Background Thread 3 ] DEBUG Engine               - prefHeightProperty: ReadOnlyDoubleProperty [value: 624.0]
12:26:55.536 [FXGL Background Thread 3 ] DEBUG Engine               - prefWidthProperty: ReadOnlyDoubleProperty [value: 624.0]
12:26:55.536 [FXGL Background Thread 3 ] DEBUG Engine               - profileDir: profiles/
12:26:55.536 [FXGL Background Thread 3 ] DEBUG Engine               - profileName: StringProperty [value: DEFAULT]
12:26:55.536 [FXGL Background Thread 3 ] DEBUG Engine               - randomSeed: -1
12:26:55.537 [FXGL Background Thread 3 ] DEBUG Engine               - runtimeInfo: RuntimeInfo(platform=WINDOWS, version=11.17, build=16.07.2021 15.46)
12:26:55.537 [FXGL Background Thread 2 ] DEBUG FXGLAssetLoaderServi - Loading from file system: file:/D:/Projects/IdeaProjects/fxgl/FXGL_Tank/target/classes/assets/textures/tank/E10U.png
12:26:55.537 [FXGL Background Thread 3 ] DEBUG Engine               - saveFileExt: sav
12:26:55.537 [FXGL Background Thread 3 ] DEBUG Engine               - scaledHeightProp$fxgl: DoubleProperty [bound, value: 624.0]
12:26:55.537 [FXGL Background Thread 3 ] DEBUG Engine               - scaledWidthProp$fxgl: DoubleProperty [bound, value: 624.0]
12:26:55.537 [FXGL Background Thread 3 ] DEBUG Engine               - sceneFactory: com.itcodebox.tank.TankApp$1@30fa7384
12:26:55.537 [FXGL Background Thread 3 ] DEBUG Engine               - secondsIn24h: 60
12:26:55.537 [FXGL Background Thread 3 ] DEBUG Engine               - soundMenuBack: menu/back.wav
12:26:55.537 [FXGL Background Thread 3 ] DEBUG Engine               - soundMenuPress: menu/press.wav
12:26:55.537 [FXGL Background Thread 3 ] DEBUG Engine               - soundMenuSelect: menu/select.wav
12:26:55.537 [FXGL Background Thread 3 ] DEBUG Engine               - soundNotification: core/notification.wav
12:26:55.537 [FXGL Background Thread 3 ] DEBUG Engine               - stageStyle: DECORATED
12:26:55.538 [FXGL Background Thread 3 ] DEBUG Engine               - supportedLanguages: [ENGLISH, FRENCH, GERMAN, HUNGARIAN, RUSSIAN]
12:26:55.538 [FXGL Background Thread 3 ] DEBUG Engine               - ticksPerSecond: -1
12:26:55.538 [FXGL Background Thread 3 ] DEBUG Engine               - title: 90 Tank
12:26:55.538 [FXGL Background Thread 3 ] DEBUG Engine               - urlGithub: https://github.com/AlmasB/FXGL
12:26:55.538 [FXGL Background Thread 3 ] DEBUG Engine               - urlLeaderboard: http://fxgl-top.herokuapp.com/
12:26:55.538 [FXGL Background Thread 2 ] DEBUG FXGLAssetLoaderServi - Loading from file system: file:/D:/Projects/IdeaProjects/fxgl/FXGL_Tank/target/classes/assets/textures/tank/E2U.png
12:26:55.538 [FXGL Background Thread 3 ] DEBUG Engine               - urlPOM: https://raw.githubusercontent.com/AlmasB/FXGL/release/README.md
12:26:55.538 [FXGL Background Thread 3 ] DEBUG Engine               - userAppClass: class com.itcodebox.tank.TankApp
12:26:55.538 [FXGL Background Thread 3 ] DEBUG Engine               - version: Version 0.1
12:26:55.538 [FXGL Background Thread 3 ] DEBUG Engine               - versionCheckDays: 7
12:26:55.538 [FXGL Background Thread 3 ] DEBUG Engine               - width: 624
12:26:55.538 [FXGL Background Thread 3 ] DEBUG Engine               - Logging services
12:26:55.538 [FXGL Background Thread 3 ] DEBUG Engine               - class com.almasb.fxgl.app.services.FXGLAssetLoaderService
12:26:55.539 [FXGL Background Thread 3 ] DEBUG Engine               - class com.almasb.fxgl.app.FXGLApplication$GameApplicationService
12:26:55.539 [FXGL Background Thread 3 ] DEBUG Engine               - class com.almasb.fxgl.app.services.FXGLDialogService
12:26:55.539 [FXGL Background Thread 3 ] DEBUG Engine               - class com.almasb.fxgl.app.services.IOTaskExecutorService
12:26:55.539 [FXGL Background Thread 3 ] DEBUG Engine               - class com.almasb.fxgl.io.FileSystemService
12:26:55.539 [FXGL Background Thread 3 ] DEBUG Engine               - class com.almasb.fxgl.localization.LocalizationService
12:26:55.539 [FXGL Background Thread 3 ] DEBUG Engine               - class com.almasb.fxgl.app.services.SystemBundleService
12:26:55.539 [FXGL Background Thread 3 ] DEBUG Engine               - class com.almasb.fxgl.profile.SaveLoadService
12:26:55.539 [FXGL Background Thread 3 ] DEBUG Engine               - class com.almasb.fxgl.ui.FXGLUIFactoryServiceProvider
12:26:55.539 [FXGL Background Thread 3 ] DEBUG Engine               - class com.almasb.fxgl.ui.FXGLDialogFactoryServiceProvider
12:26:55.539 [FXGL Background Thread 2 ] DEBUG FXGLAssetLoaderServi - Loading from file system: file:/D:/Projects/IdeaProjects/fxgl/FXGL_Tank/target/classes/assets/textures/tank/E8U.png
12:26:55.539 [FXGL Background Thread 3 ] DEBUG Engine               - class com.almasb.fxgl.audio.AudioPlayer
12:26:55.539 [FXGL Background Thread 3 ] DEBUG Engine               - class com.almasb.fxgl.notification.impl.NotificationServiceProvider
12:26:55.539 [FXGL Background Thread 3 ] DEBUG Engine               - class com.almasb.fxgl.achievement.AchievementService
12:26:55.539 [FXGL Background Thread 3 ] DEBUG Engine               - class com.almasb.fxgl.cutscene.CutsceneService
12:26:55.540 [FXGL Background Thread 3 ] DEBUG Engine               - class com.almasb.fxgl.minigames.MiniGameService
12:26:55.540 [FXGL Background Thread 3 ] DEBUG Engine               - class com.almasb.fxgl.net.NetService
12:26:55.540 [FXGL Background Thread 3 ] DEBUG Engine               - class com.almasb.fxgl.app.services.UpdaterService
12:26:55.540 [FXGL Background Thread 3 ] DEBUG Engine               - class com.almasb.fxgl.dev.DevService
12:26:55.541 [FXGL Background Thread 2 ] DEBUG FXGLAssetLoaderServi - Loading from file system: file:/D:/Projects/IdeaProjects/fxgl/FXGL_Tank/target/classes/assets/textures/tank/E4U.png
12:26:55.542 [FXGL Background Thread 2 ] DEBUG FXGLAssetLoaderServi - Loading from file system: file:/D:/Projects/IdeaProjects/fxgl/FXGL_Tank/target/classes/assets/textures/tank/E6U.png
12:26:55.556 [FXGL Background Thread 2 ] INFO  FXGLApplication      - Game initialization took: 0.217 sec
12:26:55.559 [JavaFX Application Thread] DEBUG Input                - Clearing active input actions
12:26:55.573 [JavaFX Application Thread] DEBUG GameApplicationServi - Removing overlay from GameLoadingScene and adding to GameScene
12:26:55.573 [JavaFX Application Thread] DEBUG PrimaryStageWindow   - GameLoadingScene -> GameScene
12:26:56.338 [JavaFX Application Thread] DEBUG FXGLAssetLoaderServi - Loading from file system: file:/D:/Projects/IdeaProjects/fxgl/FXGL_Tank/target/classes/assets/sounds/normalFire.wav
12:26:56.422 [JavaFX Application Thread] DEBUG FXGLAssetLoaderServi - Loading from file system: file:/D:/Projects/IdeaProjects/fxgl/FXGL_Tank/target/classes/assets/textures/bullet/normal.png
12:26:57.012 [JavaFX Application Thread] DEBUG FXGLAssetLoaderServi - Loading from file system: file:/D:/Projects/IdeaProjects/fxgl/FXGL_Tank/target/classes/assets/sounds/normalBomb.wav
12:26:57.074 [JavaFX Application Thread] DEBUG FXGLAssetLoaderServi - Loading from file system: file:/D:/Projects/IdeaProjects/fxgl/FXGL_Tank/target/classes/assets/sounds/rocketFire.wav
12:26:57.077 [JavaFX Application Thread] DEBUG FXGLAssetLoaderServi - Loading from file system: file:/D:/Projects/IdeaProjects/fxgl/FXGL_Tank/target/classes/assets/textures/bullet/rocketR.png
12:27:21.976 [JavaFX Application Thread] DEBUG FXGLApplication      - Exiting FXGL
12:27:21.976 [JavaFX Application Thread] DEBUG LoopRunner           - Stopping loop
12:27:21.976 [JavaFX Application Thread] DEBUG SystemBundleService  - Saving FXGL system data
12:27:21.978 [JavaFX Application Thread] DEBUG FileSystemAccess     - Writing to: D:\Projects\IdeaProjects\fxgl\FXGL_Tank\system\fxgl.bundle
12:27:21.980 [JavaFX Application Thread] DEBUG Async                - Shutting down background threads
12:27:21.980 [JavaFX Application Thread] DEBUG PrimaryStageWindow   - Closing main window
12:27:22.004 [JavaFX Application Thread] DEBUG Logger               - Closing Logger
