11:53:19.261 [main                     ] DEBUG Logger               - Configured Logger
11:53:19.300 [main                     ] DEBUG GameApplication      - Logging settings
Title: 90 Tank
Version: Version 0.1
Width: 624
Height: 624
Fullscreen: false
Intro: false
Profiling: false
Single step:false
App Mode: DEVELOPER
Menu Key: ESCAPE
Stage Style: DECORATED
Scene Factory: class com.itcodebox.tank.TankApp$1

11:53:19.855 [JavaFX Application Thread] DEBUG FXGLApplication      - Initializing FXGL
11:53:19.858 [JavaFX Application Thread] INFO  Engine               - FXGL-11.17 (16.07.2021 15.46) on WINDOWS (J:11.0.2 FX:16)
11:53:19.858 [JavaFX Application Thread] DEBUG Engine               - JRE Vendor Name: Oracle Corporation
11:53:19.858 [JavaFX Application Thread] DEBUG Engine               - Running on OS: Windows 10 version 10.0
11:53:19.859 [JavaFX Application Thread] DEBUG Engine               - Architecture: amd64
11:53:19.859 [JavaFX Application Thread] INFO  Engine               - Source code and latest versions at: https://github.com/AlmasB/FXGL
11:53:19.859 [JavaFX Application Thread] INFO  Engine               -              Join the FXGL chat at: https://gitter.im/AlmasB/FXGL
11:53:20.021 [JavaFX Application Thread] DEBUG PrimaryStageWindow   - Creating a JavaFX scene
11:53:20.094 [JavaFX Application Thread] DEBUG PrimaryStageWindow   - Target settings size: 624.0 x 624.0
11:53:20.094 [JavaFX Application Thread] DEBUG PrimaryStageWindow   - Scaled scene size:    624.0 x 624.0
11:53:20.095 [JavaFX Application Thread] DEBUG PrimaryStageWindow   - Scaled ratio: (1.0, 1.0)
11:53:20.096 [JavaFX Application Thread] DEBUG PrimaryStageWindow   - Set initial scene to FXGLStartupScene
11:53:20.113 [JavaFX Application Thread] DEBUG PrimaryStageWindow   - Opening main window
11:53:20.358 [JavaFX Application Thread] DEBUG PrimaryStageWindow   - Window border size: (14.66668701171875, 37.33331298828125)
11:53:20.358 [JavaFX Application Thread] DEBUG PrimaryStageWindow   - Scaled size: 624.0 x 624.0
11:53:20.359 [JavaFX Application Thread] DEBUG PrimaryStageWindow   - Scaled ratio: (1.0, 1.0)
11:53:20.359 [JavaFX Application Thread] DEBUG PrimaryStageWindow   - Scene size: 624.0 x 624.0
11:53:20.359 [JavaFX Application Thread] DEBUG PrimaryStageWindow   - Stage size: 638.6666870117188 x 661.3333129882812
11:53:20.373 [FXGL Background Thread 1 ] DEBUG Engine               - Initializing environment variables
11:53:20.501 [FXGL Background Thread 1 ] DEBUG FXGLAssetLoaderServi - User app class for loading assets: class com.itcodebox.tank.TankApp
11:53:20.502 [FXGL Background Thread 1 ] DEBUG GameApplicationServi - Applying CSS: fxgl_dark.css
11:53:20.504 [FXGL Background Thread 1 ] DEBUG FXGLAssetLoaderServi - Loading from file system: jar:file:/C:/Users/Administrator/.m2/repository/com/github/almasb/fxgl/11.17/fxgl-11.17.jar!/fxglassets/ui/css/fxgl_dark.css
11:53:20.583 [FXGL Background Thread 1 ] DEBUG GameApplicationServi - Initializing application scenes
11:53:20.592 [FXGL Background Thread 1 ] DEBUG FXGLAssetLoaderServi - Loading from file system: file:/D:/Projects/IdeaProjects/fxgl/FXGL_Tank/target/classes/assets/textures/loadingBg.png
11:53:20.749 [FXGL Background Thread 1 ] DEBUG FXGLAssetLoaderServi - Loading from file system: file:/D:/Projects/IdeaProjects/fxgl/FXGL_Tank/target/classes/assets/textures/tank/H1U.png
11:53:20.764 [FXGL Background Thread 1 ] DEBUG GameWorld            - Game world initialized
11:53:20.842 [FXGL Background Thread 1 ] DEBUG PhysicsWorld         - Physics world initialized: appHeight=624, physics.ppm=50.0
11:53:20.842 [FXGL Background Thread 1 ] DEBUG PhysicsWorld         - Using strategy: BRUTE_FORCE
11:53:20.845 [FXGL Background Thread 1 ] DEBUG GameScene            - Game scene initialized: 624x624
11:53:20.848 [FXGL Background Thread 1 ] DEBUG FXGLAssetLoaderServi - Loading from file system: file:/D:/Projects/IdeaProjects/fxgl/FXGL_Tank/target/classes/assets/textures/logo.png
11:53:20.863 [FXGL Background Thread 1 ] DEBUG FXGLAssetLoaderServi - Loading from file system: file:/D:/Projects/IdeaProjects/fxgl/FXGL_Tank/target/classes/assets/ui/fonts/airstrikeacad.ttf
11:53:22.378 [FXGL Background Thread 1 ] WARN  FXGL.DefaultMenu     - FXGLDefaultMenu is not designed for resolutions < 800x600
11:53:22.379 [FXGL Background Thread 1 ] DEBUG FXGL.DefaultMenu     - createMenuBodyGameMenu()
11:53:22.392 [FXGL Background Thread 1 ] DEBUG FXGL.DefaultMenu     - createOptionsMenu()
11:53:22.398 [FXGL Background Thread 1 ] DEBUG FXGLAssetLoaderServi - Loading from file system: jar:file:/C:/Users/Administrator/.m2/repository/com/github/almasb/fxgl/11.17/fxgl-11.17.jar!/fxglassets/textures/particles/smoke.png
11:53:22.473 [FXGL Background Thread 1 ] DEBUG FXGLAssetLoaderServi - Loading from file system: jar:file:/C:/Users/Administrator/.m2/repository/com/github/almasb/fxgl/11.17/fxgl-11.17.jar!/fxglassets/textures/particles/trace_horizontal.png
11:53:22.496 [FXGL Background Thread 1 ] DEBUG GameApplicationServi - Application scenes initialized
11:53:22.511 [FXGL Background Thread 1 ] DEBUG SystemBundleService  - Loading FXGL system data
11:53:22.515 [FXGL Background Thread 1 ] DEBUG FileSystemAccess     - Reading from: D:\Projects\IdeaProjects\fxgl\FXGL_Tank\system\fxgl.bundle
11:53:22.521 [FXGL Background Thread 1 ] DEBUG SystemBundleService  - Bundle FXGL: {}
11:53:22.521 [FXGL Background Thread 1 ] DEBUG UpdaterService       - Checking for updates
11:53:22.525 [FXGL Background Thread 4 ] DEBUG FXGLApplication      - Loading fonts
11:53:22.526 [FXGL Background Thread 1 ] DEBUG FXGLApplication      - Loading default localization
11:53:22.526 [FXGL Background Thread 4 ] DEBUG FXGLAssetLoaderServi - Loading from file system: jar:file:/C:/Users/Administrator/.m2/repository/com/github/almasb/fxgl/11.17/fxgl-11.17.jar!/fxglassets/ui/fonts/Abel-Regular.ttf
11:53:22.527 [FXGL Background Thread 1 ] DEBUG FXGLAssetLoaderServi - Loading from file system: jar:file:/C:/Users/Administrator/.m2/repository/com/github/almasb/fxgl/11.17/fxgl-11.17.jar!/fxglassets/languages/english.lang
11:53:22.533 [FXGL Background Thread 4 ] DEBUG FXGLAssetLoaderServi - Loading from file system: jar:file:/C:/Users/Administrator/.m2/repository/com/github/almasb/fxgl/11.17/fxgl-11.17.jar!/fxglassets/ui/fonts/lucida_console.ttf
11:53:22.542 [FXGL Background Thread 1 ] INFO  FXGLApplication      - FXGL initialization took: 2.168 sec
11:53:22.546 [FXGL Background Thread 4 ] DEBUG FXGLAssetLoaderServi - Loading from file system: jar:file:/C:/Users/Administrator/.m2/repository/com/github/almasb/fxgl/11.17/fxgl-11.17.jar!/fxglassets/ui/fonts/Courier-Prime.ttf
11:53:22.558 [JavaFX Application Thread] DEBUG Input                - Registered new binding: Move Up - Up
11:53:22.559 [JavaFX Application Thread] DEBUG Input                - Registered new binding: Move Down - Down
11:53:22.559 [JavaFX Application Thread] DEBUG Input                - Registered new binding: Move Left - Left
11:53:22.559 [JavaFX Application Thread] DEBUG Input                - Registered new binding: Move Right - Right
11:53:22.560 [JavaFX Application Thread] DEBUG Input                - Registered new binding: Shoot - Space
11:53:22.560 [JavaFX Application Thread] DEBUG FXGLAssetLoaderServi - Loading from file system: file:/D:/Projects/IdeaProjects/fxgl/FXGL_Tank/target/classes/assets/textures/icon.png
11:53:22.569 [JavaFX Application Thread] DEBUG FXGLAssetLoaderServi - Loading from file system: jar:file:/C:/Users/Administrator/.m2/repository/com/github/almasb/fxgl/11.17/fxgl-11.17.jar!/fxglassets/textures/fxgl_default_cursor.png
11:53:22.572 [JavaFX Application Thread] DEBUG Input                - Registered new binding: Screenshot - CTRL+8
11:53:22.572 [JavaFX Application Thread] DEBUG Input                - Registered new binding: System info dump - CTRL+9
11:53:22.573 [JavaFX Application Thread] DEBUG Input                - Registered new binding: Restart - CTRL+R
11:53:22.574 [JavaFX Application Thread] DEBUG Input                - Registered new binding: Toggle Debug Camera - CTRL+C
11:53:22.577 [JavaFX Application Thread] DEBUG LoopRunner           - Starting loop
11:53:22.577 [JavaFX Application Thread] DEBUG LoopRunner           - Initializing JavaFX AnimationTimerLoop
11:53:22.581 [JavaFX Application Thread] DEBUG Input                - Clearing active input actions
11:53:22.589 [JavaFX Application Thread] DEBUG GameApplicationServi - Removing overlay from FXGLStartupScene and adding to FXGLMainMenuDummyScene
11:53:22.589 [JavaFX Application Thread] DEBUG PrimaryStageWindow   - FXGLStartupScene -> FXGLMainMenuDummyScene
11:53:22.589 [JavaFX Application Thread] DEBUG PrimaryStageWindow   - Push state: GameMenu
11:53:22.589 [JavaFX Application Thread] DEBUG Input                - Clearing active input actions
11:53:22.601 [JavaFX Application Thread] DEBUG GameApplicationServi - Removing overlay from FXGLMainMenuDummyScene and adding to GameMenu
11:53:22.602 [JavaFX Application Thread] DEBUG PrimaryStageWindow   - FXGLMainMenuDummyScene -> GameMenu
11:53:22.603 [JavaFX Application Thread] DEBUG FXGLApplication      - Registering font factories with UI factory
11:53:25.524 [FXGL Background Thread 3 ] DEBUG Engine               - Logging environment variables
11:53:25.524 [FXGL Background Thread 3 ] DEBUG Engine               - achievements: []
11:53:25.525 [FXGL Background Thread 3 ] DEBUG Engine               - actualHeight: 624.0
11:53:25.525 [FXGL Background Thread 3 ] DEBUG Engine               - actualHeightProperty: ReadOnlyDoubleProperty [value: 624.0]
11:53:25.525 [FXGL Background Thread 3 ] DEBUG Engine               - actualWidth: 624.0
11:53:25.525 [FXGL Background Thread 3 ] DEBUG Engine               - actualWidthProperty: ReadOnlyDoubleProperty [value: 624.0]
11:53:25.525 [FXGL Background Thread 3 ] DEBUG Engine               - appIcon: icon.png
11:53:25.525 [FXGL Background Thread 3 ] DEBUG Engine               - applicationMode: DEVELOPER
11:53:25.525 [FXGL Background Thread 3 ] DEBUG Engine               - cSSList: [fxgl_dark.css]
11:53:25.525 [FXGL Background Thread 3 ] DEBUG Engine               - collisionDetectionStrategy: BRUTE_FORCE
11:53:25.525 [FXGL Background Thread 3 ] DEBUG Engine               - configClass: Optional.empty
11:53:25.525 [FXGL Background Thread 3 ] DEBUG Engine               - credits: []
11:53:25.526 [FXGL Background Thread 3 ] DEBUG Engine               - defaultCursor: CursorInfo(imageName=fxgl_default_cursor.png, hotspotX=7.0, hotspotY=6.0)
11:53:25.526 [FXGL Background Thread 3 ] DEBUG Engine               - devBBoxColorProperty: ObjectProperty [value: 0xff0000ff]
11:53:25.526 [FXGL Background Thread 3 ] DEBUG Engine               - devEnableDebugCameraProperty: BooleanProperty [value: false]
11:53:25.526 [FXGL Background Thread 3 ] DEBUG Engine               - devSensorColorProperty: ObjectProperty [value: 0xffff00ff]
11:53:25.526 [FXGL Background Thread 3 ] DEBUG Engine               - devShowBBoxProperty: BooleanProperty [value: false]
11:53:25.526 [FXGL Background Thread 3 ] DEBUG Engine               - devShowPositionProperty: BooleanProperty [value: false]
11:53:25.526 [FXGL Background Thread 3 ] DEBUG Engine               - enabledMenuItems: []
11:53:25.526 [FXGL Background Thread 3 ] DEBUG Engine               - engineServices: [class com.almasb.fxgl.app.services.FXGLAssetLoaderService, class com.almasb.fxgl.app.FXGLApplication$GameApplicationService, class com.almasb.fxgl.app.services.FXGLDialogService, class com.almasb.fxgl.app.services.IOTaskExecutorService, class com.almasb.fxgl.io.FileSystemService, class com.almasb.fxgl.localization.LocalizationService, class com.almasb.fxgl.app.services.SystemBundleService, class com.almasb.fxgl.profile.SaveLoadService, class com.almasb.fxgl.ui.FXGLUIFactoryServiceProvider, class com.almasb.fxgl.ui.FXGLDialogFactoryServiceProvider, class com.almasb.fxgl.audio.AudioPlayer, class com.almasb.fxgl.notification.impl.NotificationServiceProvider, class com.almasb.fxgl.achievement.AchievementService, class com.almasb.fxgl.cutscene.CutsceneService, class com.almasb.fxgl.minigames.MiniGameService, class com.almasb.fxgl.net.NetService, class com.almasb.fxgl.app.services.UpdaterService, class com.almasb.fxgl.dev.DevService]
11:53:25.526 [FXGL Background Thread 3 ] DEBUG Engine               - fontGame: Abel-Regular.ttf
11:53:25.526 [FXGL Background Thread 3 ] DEBUG Engine               - fontMono: lucida_console.ttf
11:53:25.527 [FXGL Background Thread 3 ] DEBUG Engine               - fontText: Courier-Prime.ttf
11:53:25.527 [FXGL Background Thread 3 ] DEBUG Engine               - fontUI: airstrikeacad.ttf
11:53:25.527 [FXGL Background Thread 3 ] DEBUG Engine               - fullScreen: BooleanProperty [value: false]
11:53:25.527 [FXGL Background Thread 3 ] DEBUG Engine               - gameDifficulty: MEDIUM
11:53:25.527 [FXGL Background Thread 3 ] DEBUG Engine               - gameDifficultyProperty: ObjectProperty [value: MEDIUM]
11:53:25.527 [FXGL Background Thread 3 ] DEBUG Engine               - globalMusicVolume: 0.5
11:53:25.527 [FXGL Background Thread 3 ] DEBUG Engine               - globalMusicVolumeProperty: DoubleProperty [value: 0.5]
11:53:25.527 [FXGL Background Thread 3 ] DEBUG Engine               - globalSoundVolume: 0.5
11:53:25.527 [FXGL Background Thread 3 ] DEBUG Engine               - globalSoundVolumeProperty: DoubleProperty [value: 0.5]
11:53:25.528 [FXGL Background Thread 3 ] DEBUG Engine               - height: 624
11:53:25.528 [FXGL Background Thread 3 ] DEBUG Engine               - is3D: false
11:53:25.528 [FXGL Background Thread 3 ] DEBUG Engine               - isAndroid: false
11:53:25.528 [FXGL Background Thread 3 ] DEBUG Engine               - isBrowser: false
11:53:25.528 [FXGL Background Thread 3 ] DEBUG Engine               - isClickFeedbackEnabled: false
11:53:25.528 [FXGL Background Thread 3 ] DEBUG Engine               - isCloseConfirmation: false
11:53:25.528 [FXGL Background Thread 3 ] DEBUG Engine               - isDesktop: true
11:53:25.528 [FXGL Background Thread 3 ] DEBUG Engine               - isDeveloperMenuEnabled: false
11:53:25.528 [FXGL Background Thread 3 ] DEBUG Engine               - isEntityPreloadEnabled: true
11:53:25.528 [FXGL Background Thread 3 ] DEBUG Engine               - isExperimentalTiledLargeMap: false
11:53:25.528 [FXGL Background Thread 3 ] DEBUG Engine               - isFileSystemWriteAllowed: true
11:53:25.528 [FXGL Background Thread 3 ] DEBUG Engine               - isFullScreenAllowed: false
11:53:25.528 [FXGL Background Thread 3 ] DEBUG Engine               - isFullScreenFromStart: false
11:53:25.529 [FXGL Background Thread 3 ] DEBUG Engine               - isGameMenuEnabled: true
11:53:25.529 [FXGL Background Thread 3 ] DEBUG Engine               - isIOS: false
11:53:25.529 [FXGL Background Thread 3 ] DEBUG Engine               - isIntroEnabled: false
11:53:25.529 [FXGL Background Thread 3 ] DEBUG Engine               - isLinux: false
11:53:25.529 [FXGL Background Thread 3 ] DEBUG Engine               - isMac: false
11:53:25.529 [FXGL Background Thread 3 ] DEBUG Engine               - isMainMenuEnabled: true
11:53:25.529 [FXGL Background Thread 3 ] DEBUG Engine               - isManualResizeEnabled: false
11:53:25.529 [FXGL Background Thread 3 ] DEBUG Engine               - isMobile: false
11:53:25.529 [FXGL Background Thread 3 ] DEBUG Engine               - isNative: false
11:53:25.529 [FXGL Background Thread 3 ] DEBUG Engine               - isPauseMusicWhenMinimized: true
11:53:25.529 [FXGL Background Thread 3 ] DEBUG Engine               - isPreserveResizeRatio: false
11:53:25.529 [FXGL Background Thread 3 ] DEBUG Engine               - isProfilingEnabled: false
11:53:25.529 [FXGL Background Thread 3 ] DEBUG Engine               - isScaleAffectedOnResize: true
11:53:25.529 [FXGL Background Thread 3 ] DEBUG Engine               - isSingleStep: false
11:53:25.530 [FXGL Background Thread 3 ] DEBUG Engine               - isUserProfileEnabled: false
11:53:25.530 [FXGL Background Thread 3 ] DEBUG Engine               - isWindows: true
11:53:25.530 [FXGL Background Thread 3 ] DEBUG Engine               - language: ObjectProperty [value: ENGLISH]
11:53:25.530 [FXGL Background Thread 3 ] DEBUG Engine               - menuKey: ESCAPE
11:53:25.530 [FXGL Background Thread 3 ] DEBUG Engine               - mouseSensitivity: 0.2
11:53:25.530 [FXGL Background Thread 3 ] DEBUG Engine               - notificationViewClass: class com.almasb.fxgl.notification.view.XboxNotificationView
11:53:25.530 [FXGL Background Thread 3 ] DEBUG Engine               - pixelsPerMeter: 50.0
11:53:25.530 [FXGL Background Thread 3 ] DEBUG Engine               - platform: WINDOWS
11:53:25.530 [FXGL Background Thread 3 ] DEBUG Engine               - prefHeightProperty: ReadOnlyDoubleProperty [value: 624.0]
11:53:25.530 [FXGL Background Thread 3 ] DEBUG Engine               - prefWidthProperty: ReadOnlyDoubleProperty [value: 624.0]
11:53:25.530 [FXGL Background Thread 3 ] DEBUG Engine               - profileDir: profiles/
11:53:25.530 [FXGL Background Thread 3 ] DEBUG Engine               - profileName: StringProperty [value: DEFAULT]
11:53:25.530 [FXGL Background Thread 3 ] DEBUG Engine               - randomSeed: -1
11:53:25.530 [FXGL Background Thread 3 ] DEBUG Engine               - runtimeInfo: RuntimeInfo(platform=WINDOWS, version=11.17, build=16.07.2021 15.46)
11:53:25.531 [FXGL Background Thread 3 ] DEBUG Engine               - saveFileExt: sav
11:53:25.531 [FXGL Background Thread 3 ] DEBUG Engine               - scaledHeightProp$fxgl: DoubleProperty [bound, value: 624.0]
11:53:25.531 [FXGL Background Thread 3 ] DEBUG Engine               - scaledWidthProp$fxgl: DoubleProperty [bound, value: 624.0]
11:53:25.531 [FXGL Background Thread 3 ] DEBUG Engine               - sceneFactory: com.itcodebox.tank.TankApp$1@549ab8a2
11:53:25.531 [FXGL Background Thread 3 ] DEBUG Engine               - secondsIn24h: 60
11:53:25.531 [FXGL Background Thread 3 ] DEBUG Engine               - soundMenuBack: menu/back.wav
11:53:25.531 [FXGL Background Thread 3 ] DEBUG Engine               - soundMenuPress: menu/press.wav
11:53:25.531 [FXGL Background Thread 3 ] DEBUG Engine               - soundMenuSelect: menu/select.wav
11:53:25.531 [FXGL Background Thread 3 ] DEBUG Engine               - soundNotification: core/notification.wav
11:53:25.531 [FXGL Background Thread 3 ] DEBUG Engine               - stageStyle: DECORATED
11:53:25.531 [FXGL Background Thread 3 ] DEBUG Engine               - supportedLanguages: [ENGLISH, FRENCH, GERMAN, HUNGARIAN, RUSSIAN]
11:53:25.531 [FXGL Background Thread 3 ] DEBUG Engine               - ticksPerSecond: -1
11:53:25.531 [FXGL Background Thread 3 ] DEBUG Engine               - title: 90 Tank
11:53:25.531 [FXGL Background Thread 3 ] DEBUG Engine               - urlGithub: https://github.com/AlmasB/FXGL
11:53:25.531 [FXGL Background Thread 3 ] DEBUG Engine               - urlLeaderboard: http://fxgl-top.herokuapp.com/
11:53:25.531 [FXGL Background Thread 3 ] DEBUG Engine               - urlPOM: https://raw.githubusercontent.com/AlmasB/FXGL/release/README.md
11:53:25.532 [FXGL Background Thread 3 ] DEBUG Engine               - userAppClass: class com.itcodebox.tank.TankApp
11:53:25.532 [FXGL Background Thread 3 ] DEBUG Engine               - version: Version 0.1
11:53:25.532 [FXGL Background Thread 3 ] DEBUG Engine               - versionCheckDays: 7
11:53:25.532 [FXGL Background Thread 3 ] DEBUG Engine               - width: 624
11:53:25.532 [FXGL Background Thread 3 ] DEBUG Engine               - Logging services
11:53:25.532 [FXGL Background Thread 3 ] DEBUG Engine               - class com.almasb.fxgl.app.services.FXGLAssetLoaderService
11:53:25.532 [FXGL Background Thread 3 ] DEBUG Engine               - class com.almasb.fxgl.app.FXGLApplication$GameApplicationService
11:53:25.532 [FXGL Background Thread 3 ] DEBUG Engine               - class com.almasb.fxgl.app.services.FXGLDialogService
11:53:25.532 [FXGL Background Thread 3 ] DEBUG Engine               - class com.almasb.fxgl.app.services.IOTaskExecutorService
11:53:25.532 [FXGL Background Thread 3 ] DEBUG Engine               - class com.almasb.fxgl.io.FileSystemService
11:53:25.532 [FXGL Background Thread 3 ] DEBUG Engine               - class com.almasb.fxgl.localization.LocalizationService
11:53:25.532 [FXGL Background Thread 3 ] DEBUG Engine               - class com.almasb.fxgl.app.services.SystemBundleService
11:53:25.533 [FXGL Background Thread 3 ] DEBUG Engine               - class com.almasb.fxgl.profile.SaveLoadService
11:53:25.533 [FXGL Background Thread 3 ] DEBUG Engine               - class com.almasb.fxgl.ui.FXGLUIFactoryServiceProvider
11:53:25.533 [FXGL Background Thread 3 ] DEBUG Engine               - class com.almasb.fxgl.ui.FXGLDialogFactoryServiceProvider
11:53:25.533 [FXGL Background Thread 3 ] DEBUG Engine               - class com.almasb.fxgl.audio.AudioPlayer
11:53:25.533 [FXGL Background Thread 3 ] DEBUG Engine               - class com.almasb.fxgl.notification.impl.NotificationServiceProvider
11:53:25.533 [FXGL Background Thread 3 ] DEBUG Engine               - class com.almasb.fxgl.achievement.AchievementService
11:53:25.533 [FXGL Background Thread 3 ] DEBUG Engine               - class com.almasb.fxgl.cutscene.CutsceneService
11:53:25.533 [FXGL Background Thread 3 ] DEBUG Engine               - class com.almasb.fxgl.minigames.MiniGameService
11:53:25.533 [FXGL Background Thread 3 ] DEBUG Engine               - class com.almasb.fxgl.net.NetService
11:53:25.533 [FXGL Background Thread 3 ] DEBUG Engine               - class com.almasb.fxgl.app.services.UpdaterService
11:53:25.533 [FXGL Background Thread 3 ] DEBUG Engine               - class com.almasb.fxgl.dev.DevService
11:53:26.660 [JavaFX Application Thread] DEBUG PrimaryStageWindow   - Push state: DialogSubScene
11:53:26.660 [JavaFX Application Thread] DEBUG Input                - Clearing active input actions
11:53:26.662 [JavaFX Application Thread] DEBUG GameApplicationServi - Removing overlay from GameMenu and adding to DialogSubScene
11:53:26.662 [JavaFX Application Thread] DEBUG PrimaryStageWindow   - GameMenu -> DialogSubScene
11:53:32.080 [JavaFX Application Thread] DEBUG PrimaryStageWindow   - Pop state: DialogSubScene
11:53:32.080 [JavaFX Application Thread] DEBUG Input                - Clearing active input actions
11:53:32.081 [JavaFX Application Thread] DEBUG GameApplicationServi - Removing overlay from DialogSubScene and adding to GameMenu
11:53:32.081 [JavaFX Application Thread] DEBUG PrimaryStageWindow   - GameMenu <- DialogSubScene
11:53:38.869 [JavaFX Application Thread] DEBUG Menu                 - fireNewGame()
11:53:38.869 [JavaFX Application Thread] DEBUG GameApplicationServi - Starting new game
11:53:38.869 [JavaFX Application Thread] DEBUG PrimaryStageWindow   - Pop state: GameMenu
11:53:38.869 [JavaFX Application Thread] DEBUG Input                - Clearing active input actions
11:53:38.870 [JavaFX Application Thread] DEBUG GameApplicationServi - Removing overlay from GameMenu and adding to FXGLMainMenuDummyScene
11:53:38.870 [JavaFX Application Thread] DEBUG PrimaryStageWindow   - FXGLMainMenuDummyScene <- GameMenu
11:53:38.870 [JavaFX Application Thread] DEBUG Input                - Clearing active input actions
11:53:38.876 [JavaFX Application Thread] DEBUG GameApplicationServi - Removing overlay from FXGLMainMenuDummyScene and adding to GameLoadingScene
11:53:38.876 [JavaFX Application Thread] DEBUG PrimaryStageWindow   - FXGLMainMenuDummyScene -> GameLoadingScene
11:53:38.876 [JavaFX Application Thread] DEBUG GameApplicationServi - Clearing previous game
11:53:38.877 [JavaFX Application Thread] DEBUG GameScene            - Clearing game scene
11:53:38.877 [JavaFX Application Thread] DEBUG GameWorld            - Clearing game world
11:53:38.877 [JavaFX Application Thread] DEBUG PhysicsWorld         - Clearing physics world
11:53:38.877 [FXGL Background Thread 2 ] DEBUG FXGLApplication      - Initializing game
11:53:38.885 [FXGL Background Thread 2 ] DEBUG FXGLAssetLoaderServi - Loading from file system: file:/D:/Projects/IdeaProjects/fxgl/FXGL_Tank/target/classes/assets/textures/tank/bomb_rocket_1.png
11:53:38.887 [FXGL Background Thread 2 ] DEBUG FXGLAssetLoaderServi - Loading from file system: file:/D:/Projects/IdeaProjects/fxgl/FXGL_Tank/target/classes/assets/textures/tank/bomb_rocket_2.png
11:53:38.888 [FXGL Background Thread 2 ] DEBUG FXGLAssetLoaderServi - Loading from file system: file:/D:/Projects/IdeaProjects/fxgl/FXGL_Tank/target/classes/assets/textures/tank/bomb_rocket_3.png
11:53:38.889 [FXGL Background Thread 2 ] DEBUG FXGLAssetLoaderServi - Loading from file system: file:/D:/Projects/IdeaProjects/fxgl/FXGL_Tank/target/classes/assets/textures/tank/bomb_rocket_4.png
11:53:38.891 [FXGL Background Thread 2 ] DEBUG FXGLAssetLoaderServi - Loading from file system: file:/D:/Projects/IdeaProjects/fxgl/FXGL_Tank/target/classes/assets/textures/tank/bomb_rocket_5.png
11:53:38.892 [FXGL Background Thread 2 ] DEBUG FXGLAssetLoaderServi - Loading from file system: file:/D:/Projects/IdeaProjects/fxgl/FXGL_Tank/target/classes/assets/textures/tank/bomb_rocket_6.png
11:53:38.893 [FXGL Background Thread 2 ] DEBUG FXGLAssetLoaderServi - Loading from file system: file:/D:/Projects/IdeaProjects/fxgl/FXGL_Tank/target/classes/assets/textures/tank/bomb_rocket_7.png
11:53:38.894 [FXGL Background Thread 2 ] DEBUG FXGLAssetLoaderServi - Loading from file system: file:/D:/Projects/IdeaProjects/fxgl/FXGL_Tank/target/classes/assets/textures/tank/bomb_rocket_8.png
11:53:38.894 [FXGL Background Thread 2 ] DEBUG FXGLAssetLoaderServi - Loading from file system: file:/D:/Projects/IdeaProjects/fxgl/FXGL_Tank/target/classes/assets/textures/tank/bomb_rocket_9.png
11:53:38.936 [FXGL Background Thread 2 ] WARN  TMXLevelLoader       - TiledMap generated from 1.7.2. Supported version: 1.2.3. Some features may not be parsed fully.
11:53:38.961 [FXGL Background Thread 2 ] DEBUG TMXLevelLoader       - Parsed TiledMap: file:/D:/Projects/IdeaProjects/fxgl/FXGL_Tank/target/classes/assets/levels/level2.tmx
11:53:38.962 [FXGL Background Thread 2 ] DEBUG TMXLevelLoader       - Creating tile layer entities
11:53:38.962 [FXGL Background Thread 2 ] DEBUG TMXLevelLoader       - Creating object layer entities
11:53:38.965 [FXGL Background Thread 2 ] DEBUG FXGLAssetLoaderServi - Loading from file system: file:/D:/Projects/IdeaProjects/fxgl/FXGL_Tank/target/classes/assets/textures/map/flag.png
11:53:38.976 [FXGL Background Thread 2 ] DEBUG FXGLAssetLoaderServi - Loading from file system: file:/D:/Projects/IdeaProjects/fxgl/FXGL_Tank/target/classes/assets/textures/map/brick.png
11:53:39.026 [FXGL Background Thread 2 ] DEBUG FXGLAssetLoaderServi - Loading from file system: file:/D:/Projects/IdeaProjects/fxgl/FXGL_Tank/target/classes/assets/textures/map/sea.png
11:53:39.028 [FXGL Background Thread 2 ] DEBUG FXGLAssetLoaderServi - Loading from file system: file:/D:/Projects/IdeaProjects/fxgl/FXGL_Tank/target/classes/assets/textures/map/stone.png
11:53:39.046 [FXGL Background Thread 2 ] DEBUG FXGLAssetLoaderServi - Loading from file system: file:/D:/Projects/IdeaProjects/fxgl/FXGL_Tank/target/classes/assets/textures/map/snow.png
11:53:39.050 [FXGL Background Thread 2 ] DEBUG FXGLAssetLoaderServi - Loading from file system: file:/D:/Projects/IdeaProjects/fxgl/FXGL_Tank/target/classes/assets/textures/map/greens.png
11:53:39.055 [FXGL Background Thread 2 ] DEBUG GameWorld            - Clearing removable entities
11:53:39.056 [FXGL Background Thread 2 ] DEBUG GameWorld            - Setting level: com.almasb.fxgl.entity.level.Level@3554c301
11:53:39.062 [FXGL Background Thread 2 ] DEBUG FXGLAssetLoaderServi - Loading from file system: file:/D:/Projects/IdeaProjects/fxgl/FXGL_Tank/target/classes/assets/textures/tank/E5U.png
11:53:39.072 [FXGL Background Thread 2 ] DEBUG FXGLAssetLoaderServi - Loading from file system: file:/D:/Projects/IdeaProjects/fxgl/FXGL_Tank/target/classes/assets/textures/tank/E11U.png
11:53:39.073 [FXGL Background Thread 2 ] DEBUG FXGLAssetLoaderServi - Loading from file system: file:/D:/Projects/IdeaProjects/fxgl/FXGL_Tank/target/classes/assets/textures/tank/E4U.png
11:53:39.075 [FXGL Background Thread 2 ] DEBUG FXGLAssetLoaderServi - Loading from file system: file:/D:/Projects/IdeaProjects/fxgl/FXGL_Tank/target/classes/assets/textures/tank/E7U.png
11:53:39.077 [FXGL Background Thread 2 ] DEBUG FXGLAssetLoaderServi - Loading from file system: file:/D:/Projects/IdeaProjects/fxgl/FXGL_Tank/target/classes/assets/textures/tank/E9U.png
11:53:39.093 [FXGL Background Thread 2 ] INFO  FXGLApplication      - Game initialization took: 0.216 sec
11:53:39.116 [JavaFX Application Thread] DEBUG Input                - Clearing active input actions
11:53:39.127 [JavaFX Application Thread] DEBUG GameApplicationServi - Removing overlay from GameLoadingScene and adding to GameScene
11:53:39.127 [JavaFX Application Thread] DEBUG PrimaryStageWindow   - GameLoadingScene -> GameScene
11:53:39.630 [JavaFX Application Thread] DEBUG FXGLAssetLoaderServi - Loading from file system: file:/D:/Projects/IdeaProjects/fxgl/FXGL_Tank/target/classes/assets/sounds/normalFire.wav
11:53:39.717 [JavaFX Application Thread] DEBUG FXGLAssetLoaderServi - Loading from file system: file:/D:/Projects/IdeaProjects/fxgl/FXGL_Tank/target/classes/assets/textures/bullet/normalU.png
11:53:39.802 [JavaFX Application Thread] DEBUG FXGLAssetLoaderServi - Loading from file system: file:/D:/Projects/IdeaProjects/fxgl/FXGL_Tank/target/classes/assets/sounds/normalBomb.wav
11:54:27.928 [JavaFX Application Thread] DEBUG FXGLApplication      - Exiting FXGL
11:54:27.928 [JavaFX Application Thread] DEBUG LoopRunner           - Stopping loop
11:54:27.928 [JavaFX Application Thread] DEBUG SystemBundleService  - Saving FXGL system data
11:54:27.930 [JavaFX Application Thread] DEBUG FileSystemAccess     - Writing to: D:\Projects\IdeaProjects\fxgl\FXGL_Tank\system\fxgl.bundle
11:54:27.932 [JavaFX Application Thread] DEBUG Async                - Shutting down background threads
11:54:27.932 [JavaFX Application Thread] DEBUG PrimaryStageWindow   - Closing main window
11:54:27.950 [JavaFX Application Thread] DEBUG Logger               - Closing Logger
